{
  "stats": {
    "suites": 1,
    "tests": 7,
    "passes": 6,
    "pending": 0,
    "failures": 1,
    "start": "2023-02-13T00:10:36.899Z",
    "end": "2023-02-13T00:11:31.528Z",
    "duration": 54629,
    "testsRegistered": 7,
    "passPercent": 85.71428571428571,
    "pendingPercent": 0,
    "other": 0,
    "hasOther": false,
    "skipped": 0,
    "hasSkipped": false
  },
  "results": [
    {
      "uuid": "29ccf4a2-3628-4023-ae5d-651847fce7f6",
      "title": "",
      "fullFile": "cypress/integration/AllTests/TestApplication_Paramet.js",
      "file": "cypress/integration/AllTests/TestApplication_Paramet.js",
      "beforeHooks": [],
      "afterHooks": [],
      "tests": [],
      "suites": [
        {
          "uuid": "d0cdb0f9-2513-430a-b1bc-d921dbdf3918",
          "title": "E2E_Testing",
          "fullFile": "",
          "file": "",
          "beforeHooks": [],
          "afterHooks": [],
          "tests": [
            {
              "title": "Login_Invalid userName",
              "fullTitle": "E2E_Testing Login_Invalid userName",
              "timedOut": null,
              "duration": 1926,
              "state": "passed",
              "speed": "fast",
              "pass": true,
              "fail": false,
              "pending": false,
              "context": null,
              "code": "",
              "err": {},
              "uuid": "4706b523-bc96-41e6-9610-7d8347f17e77",
              "parentUUID": "d0cdb0f9-2513-430a-b1bc-d921dbdf3918",
              "isHook": false,
              "skipped": false
            },
            {
              "title": "Login_Invalid Password",
              "fullTitle": "E2E_Testing Login_Invalid Password",
              "timedOut": null,
              "duration": 1724,
              "state": "passed",
              "speed": "fast",
              "pass": true,
              "fail": false,
              "pending": false,
              "context": null,
              "code": "",
              "err": {},
              "uuid": "b9a8ba0c-d6f3-45b9-b283-8fab4797db88",
              "parentUUID": "d0cdb0f9-2513-430a-b1bc-d921dbdf3918",
              "isHook": false,
              "skipped": false
            },
            {
              "title": "Login Valid Credentials",
              "fullTitle": "E2E_Testing Login Valid Credentials",
              "timedOut": null,
              "duration": 2794,
              "state": "passed",
              "speed": "fast",
              "pass": true,
              "fail": false,
              "pending": false,
              "context": null,
              "code": "",
              "err": {},
              "uuid": "e31aafc2-9d11-417f-b7f1-f2f5b2cab40f",
              "parentUUID": "d0cdb0f9-2513-430a-b1bc-d921dbdf3918",
              "isHook": false,
              "skipped": false
            },
            {
              "title": "Drop-down menu Test",
              "fullTitle": "E2E_Testing Drop-down menu Test",
              "timedOut": null,
              "duration": 9648,
              "state": "passed",
              "speed": "medium",
              "pass": true,
              "fail": false,
              "pending": false,
              "context": null,
              "code": "",
              "err": {},
              "uuid": "08ff881f-455c-4261-941a-f4fff15a4727",
              "parentUUID": "d0cdb0f9-2513-430a-b1bc-d921dbdf3918",
              "isHook": false,
              "skipped": false
            },
            {
              "title": "Test all links on SMC Flights page",
              "fullTitle": "E2E_Testing Test all links on SMC Flights page",
              "timedOut": null,
              "duration": 26348,
              "state": "failed",
              "speed": null,
              "pass": false,
              "fail": true,
              "pending": false,
              "context": null,
              "code": "",
              "err": {
                "message": "AssertionError: Timed out retrying after 6000ms: Expected to find content: 'Options' but never did.",
                "estack": "AssertionError: Timed out retrying after 6000ms: Expected to find content: 'Options' but never did.\n    at Context.eval (webpack:///./cypress/integration/AllTests/TestApplication_Paramet.js:102:7)",
                "diff": null
              },
              "uuid": "38928bb2-af2f-40d7-98f1-9ffd9bc84191",
              "parentUUID": "d0cdb0f9-2513-430a-b1bc-d921dbdf3918",
              "isHook": false,
              "skipped": false
            },
            {
              "title": "Get the mission details",
              "fullTitle": "E2E_Testing Get the mission details",
              "timedOut": null,
              "duration": 10699,
              "state": "passed",
              "speed": "slow",
              "pass": true,
              "fail": false,
              "pending": false,
              "context": null,
              "code": "",
              "err": {},
              "uuid": "9ed3cdee-4864-4cfd-b044-3d0e6cf18124",
              "parentUUID": "d0cdb0f9-2513-430a-b1bc-d921dbdf3918",
              "isHook": false,
              "skipped": false
            },
            {
              "title": "logout from Application",
              "fullTitle": "E2E_Testing logout from Application",
              "timedOut": null,
              "duration": 562,
              "state": "passed",
              "speed": "fast",
              "pass": true,
              "fail": false,
              "pending": false,
              "context": null,
              "code": "",
              "err": {},
              "uuid": "4236f5b7-bf90-4c65-ac5d-6f0306f9cbdb",
              "parentUUID": "d0cdb0f9-2513-430a-b1bc-d921dbdf3918",
              "isHook": false,
              "skipped": false
            }
          ],
          "suites": [],
          "passes": [
            "4706b523-bc96-41e6-9610-7d8347f17e77",
            "b9a8ba0c-d6f3-45b9-b283-8fab4797db88",
            "e31aafc2-9d11-417f-b7f1-f2f5b2cab40f",
            "08ff881f-455c-4261-941a-f4fff15a4727",
            "9ed3cdee-4864-4cfd-b044-3d0e6cf18124",
            "4236f5b7-bf90-4c65-ac5d-6f0306f9cbdb"
          ],
          "failures": [
            "38928bb2-af2f-40d7-98f1-9ffd9bc84191"
          ],
          "pending": [],
          "skipped": [],
          "duration": 53701,
          "root": false,
          "rootEmpty": false,
          "_timeout": 2000
        }
      ],
      "passes": [],
      "failures": [],
      "pending": [],
      "skipped": [],
      "duration": 0,
      "root": true,
      "rootEmpty": true,
      "_timeout": 2000
    }
  ],
  "meta": {
    "mocha": {
      "version": "7.0.1"
    },
    "mochawesome": {
      "options": {
        "quiet": false,
        "reportFilename": "[status]_[datetime]-[name]-report",
        "saveHtml": true,
        "saveJson": true,
        "consoleReporter": "spec",
        "useInlineDiffs": false,
        "code": false
      },
      "version": "7.1.3"
    },
    "marge": {
      "options": {
        "charts": true,
        "reportPageTitle": "Automation Report",
        "embeddedScreenshots": true,
        "inlineAssets": true,
        "reportFilename": "[status]_[datetime]-[name]-report",
        "code": "false",
        "autoOpen": "true",
        "overwrite": "false",
        "saveAllAttempts": false
      },
      "version": "6.2.0"
    }
  }
}