{
  "stats": {
    "suites": 1,
    "tests": 1,
    "passes": 0,
    "pending": 0,
    "failures": 1,
    "start": "2023-02-13T15:47:37.653Z",
    "end": "2023-02-13T15:47:37.856Z",
    "duration": 203,
    "testsRegistered": 7,
    "passPercent": 0,
    "pendingPercent": 0,
    "other": 0,
    "hasOther": false,
    "skipped": 6,
    "hasSkipped": true
  },
  "results": [
    {
      "uuid": "badb334b-b0bf-430e-8068-95ea44d99203",
      "title": "",
      "fullFile": "cypress/integration/AllTests/PageObject_Import_class.js",
      "file": "cypress/integration/AllTests/PageObject_Import_class.js",
      "beforeHooks": [],
      "afterHooks": [],
      "tests": [],
      "suites": [
        {
          "uuid": "36fedab5-6835-424b-a7e2-bf53e5901445",
          "title": "E2E_Testing",
          "fullFile": "",
          "file": "",
          "beforeHooks": [],
          "afterHooks": [],
          "tests": [
            {
              "title": "Login_Invalid userName",
              "fullTitle": "E2E_Testing Login_Invalid userName",
              "timedOut": null,
              "duration": 173,
              "state": "failed",
              "speed": null,
              "pass": false,
              "fail": true,
              "pending": false,
              "context": null,
              "code": "",
              "err": {
                "message": "CypressError: `cy.visit()` failed trying to load:\n\n/\n\nWe failed looking for this file at the path:\n\n/Users/syedahmed/CypressAutomation/\n\nThe internal Cypress web server responded with:\n\n  > 404: Not Found\n\nBecause this error occurred during a `before each` hook we are skipping the remaining tests in the current suite: `E2E_Testing`",
                "estack": "CypressError: `cy.visit()` failed trying to load:\n\n/\n\nWe failed looking for this file at the path:\n\n/Users/syedahmed/CypressAutomation/\n\nThe internal Cypress web server responded with:\n\n  > 404: Not Found\n\nBecause this error occurred during a `before each` hook we are skipping the remaining tests in the current suite: `E2E_Testing`\n    at <unknown> (http://localhost:55767/__cypress/runner/cypress_runner.js:142002:84)\n    at visitFailedByErr (http://localhost:55767/__cypress/runner/cypress_runner.js:141323:12)\n    at <unknown> (http://localhost:55767/__cypress/runner/cypress_runner.js:141982:13)\n    at tryCatcher (http://localhost:55767/__cypress/runner/cypress_runner.js:11327:23)\n    at Promise._settlePromiseFromHandler (http://localhost:55767/__cypress/runner/cypress_runner.js:9262:31)\n    at Promise._settlePromise (http://localhost:55767/__cypress/runner/cypress_runner.js:9319:18)\n    at Promise._settlePromise0 (http://localhost:55767/__cypress/runner/cypress_runner.js:9364:10)\n    at Promise._settlePromises (http://localhost:55767/__cypress/runner/cypress_runner.js:9440:18)\n    at _drainQueueStep (http://localhost:55767/__cypress/runner/cypress_runner.js:6034:12)\n    at _drainQueue (http://localhost:55767/__cypress/runner/cypress_runner.js:6027:9)\n    at ../../node_modules/bluebird/js/release/async.js.Async._drainQueues (http://localhost:55767/__cypress/runner/cypress_runner.js:6043:5)\n    at Async.drainQueues (http://localhost:55767/__cypress/runner/cypress_runner.js:5913:14)\nFrom Your Spec Code:\n    at Context.eval (webpack:///./cypress/integration/AllTests/PageObject_Import_class.js:13:9)",
                "diff": null
              },
              "uuid": "3a3d6c58-4930-4f07-8b6c-649426e26665",
              "parentUUID": "36fedab5-6835-424b-a7e2-bf53e5901445",
              "isHook": false,
              "skipped": false
            },
            {
              "title": "Login_Invalid Password",
              "fullTitle": "E2E_Testing Login_Invalid Password",
              "timedOut": null,
              "duration": 0,
              "state": "skipped",
              "speed": null,
              "pass": false,
              "fail": false,
              "pending": false,
              "context": null,
              "code": "",
              "err": {},
              "uuid": "37222440-011f-4264-9700-fb391f708f19",
              "parentUUID": "36fedab5-6835-424b-a7e2-bf53e5901445",
              "isHook": false,
              "skipped": true
            },
            {
              "title": "Login Valid Credentials",
              "fullTitle": "E2E_Testing Login Valid Credentials",
              "timedOut": null,
              "duration": 0,
              "state": "skipped",
              "speed": null,
              "pass": false,
              "fail": false,
              "pending": false,
              "context": null,
              "code": "",
              "err": {},
              "uuid": "7c0af5e1-b93d-4aa0-83f9-fda67aa4cbd1",
              "parentUUID": "36fedab5-6835-424b-a7e2-bf53e5901445",
              "isHook": false,
              "skipped": true
            },
            {
              "title": "Target_Flights_Page_Test",
              "fullTitle": "E2E_Testing Target_Flights_Page_Test",
              "timedOut": null,
              "duration": 0,
              "state": "skipped",
              "speed": null,
              "pass": false,
              "fail": false,
              "pending": false,
              "context": null,
              "code": "",
              "err": {},
              "uuid": "cb3548da-f37e-44fa-bed4-3c4db8940b5e",
              "parentUUID": "36fedab5-6835-424b-a7e2-bf53e5901445",
              "isHook": false,
              "skipped": true
            },
            {
              "title": "SMC_Flights_Page_Test",
              "fullTitle": "E2E_Testing SMC_Flights_Page_Test",
              "timedOut": null,
              "duration": 0,
              "state": "skipped",
              "speed": null,
              "pass": false,
              "fail": false,
              "pending": false,
              "context": null,
              "code": "",
              "err": {},
              "uuid": "612a825e-5239-4c6e-a79b-ab572d796875",
              "parentUUID": "36fedab5-6835-424b-a7e2-bf53e5901445",
              "isHook": false,
              "skipped": true
            },
            {
              "title": "verifying Mission Details",
              "fullTitle": "E2E_Testing verifying Mission Details",
              "timedOut": null,
              "duration": 0,
              "state": "skipped",
              "speed": null,
              "pass": false,
              "fail": false,
              "pending": false,
              "context": null,
              "code": "",
              "err": {},
              "uuid": "fe1430bc-0969-4547-8573-630e3e1754a4",
              "parentUUID": "36fedab5-6835-424b-a7e2-bf53e5901445",
              "isHook": false,
              "skipped": true
            },
            {
              "title": "logout_from_Application",
              "fullTitle": "E2E_Testing logout_from_Application",
              "timedOut": null,
              "duration": 0,
              "state": "skipped",
              "speed": null,
              "pass": false,
              "fail": false,
              "pending": false,
              "context": null,
              "code": "",
              "err": {},
              "uuid": "c8fe924a-7c8b-40f6-a846-04472f407310",
              "parentUUID": "36fedab5-6835-424b-a7e2-bf53e5901445",
              "isHook": false,
              "skipped": true
            }
          ],
          "suites": [],
          "passes": [],
          "failures": [
            "3a3d6c58-4930-4f07-8b6c-649426e26665"
          ],
          "pending": [],
          "skipped": [
            "37222440-011f-4264-9700-fb391f708f19",
            "7c0af5e1-b93d-4aa0-83f9-fda67aa4cbd1",
            "cb3548da-f37e-44fa-bed4-3c4db8940b5e",
            "612a825e-5239-4c6e-a79b-ab572d796875",
            "fe1430bc-0969-4547-8573-630e3e1754a4",
            "c8fe924a-7c8b-40f6-a846-04472f407310"
          ],
          "duration": 173,
          "root": false,
          "rootEmpty": false,
          "_timeout": 2000
        }
      ],
      "passes": [],
      "failures": [],
      "pending": [],
      "skipped": [],
      "duration": 0,
      "root": true,
      "rootEmpty": true,
      "_timeout": 2000
    }
  ],
  "meta": {
    "mocha": {
      "version": "7.0.1"
    },
    "mochawesome": {
      "options": {
        "quiet": false,
        "reportFilename": "[status]_[datetime]-[name]-report",
        "saveHtml": true,
        "saveJson": true,
        "consoleReporter": "spec",
        "useInlineDiffs": false,
        "code": false
      },
      "version": "7.1.3"
    },
    "marge": {
      "options": {
        "charts": true,
        "reportPageTitle": "Automation Report",
        "embeddedScreenshots": true,
        "inlineAssets": true,
        "reportFilename": "[status]_[datetime]-[name]-report",
        "code": "false",
        "autoOpen": "true",
        "overwrite": "false",
        "saveAllAttempts": false
      },
      "version": "6.2.0"
    }
  }
}