{
  "stats": {
    "suites": 1,
    "tests": 2,
    "passes": 1,
    "pending": 0,
    "failures": 1,
    "start": "2023-02-14T15:14:54.410Z",
    "end": "2023-02-14T15:15:05.137Z",
    "duration": 10727,
    "testsRegistered": 2,
    "passPercent": 50,
    "pendingPercent": 0,
    "other": 0,
    "hasOther": false,
    "skipped": 0,
    "hasSkipped": false
  },
  "results": [
    {
      "uuid": "69ce3d12-14a0-42ef-b9db-4a02c2fb5433",
      "title": "",
      "fullFile": "cypress/integration/AllTests/Before_Hook_Test.js",
      "file": "cypress/integration/AllTests/Before_Hook_Test.js",
      "beforeHooks": [],
      "afterHooks": [],
      "tests": [],
      "suites": [
        {
          "uuid": "4c1247f9-b27e-41fc-987f-613e56464901",
          "title": "My first test",
          "fullFile": "",
          "file": "",
          "beforeHooks": [],
          "afterHooks": [],
          "tests": [
            {
              "title": "Executing the test",
              "fullTitle": "My first test Executing the test",
              "timedOut": null,
              "duration": 3239,
              "state": "passed",
              "speed": "fast",
              "pass": true,
              "fail": false,
              "pending": false,
              "context": null,
              "code": "",
              "err": {},
              "uuid": "7ba0b19b-7079-41db-96c0-6c735e8d9344",
              "parentUUID": "4c1247f9-b27e-41fc-987f-613e56464901",
              "isHook": false,
              "skipped": false
            },
            {
              "title": "Executing the test",
              "fullTitle": "My first test Executing the test",
              "timedOut": null,
              "duration": 6209,
              "state": "failed",
              "speed": null,
              "pass": false,
              "fail": true,
              "pending": false,
              "context": null,
              "code": "",
              "err": {
                "message": "AssertionError: Timed out retrying after 6000ms: Expected to find element: `.nav-dash > :nth-child(1) > a > .fa`, but never found it.",
                "estack": "AssertionError: Timed out retrying after 6000ms: Expected to find element: `.nav-dash > :nth-child(1) > a > .fa`, but never found it.\n    at Context.eval (webpack:///./cypress/integration/AllTests/Before_Hook_Test.js:18:11)",
                "diff": null
              },
              "uuid": "e153ebfe-802f-48db-aeed-330eb1a43537",
              "parentUUID": "4c1247f9-b27e-41fc-987f-613e56464901",
              "isHook": false,
              "skipped": false
            }
          ],
          "suites": [],
          "passes": [
            "7ba0b19b-7079-41db-96c0-6c735e8d9344"
          ],
          "failures": [
            "e153ebfe-802f-48db-aeed-330eb1a43537"
          ],
          "pending": [],
          "skipped": [],
          "duration": 9448,
          "root": false,
          "rootEmpty": false,
          "_timeout": 2000
        }
      ],
      "passes": [],
      "failures": [],
      "pending": [],
      "skipped": [],
      "duration": 0,
      "root": true,
      "rootEmpty": true,
      "_timeout": 2000
    }
  ],
  "meta": {
    "mocha": {
      "version": "7.0.1"
    },
    "mochawesome": {
      "options": {
        "quiet": false,
        "reportFilename": "[status]_[datetime]-[name]-report",
        "saveHtml": true,
        "saveJson": true,
        "consoleReporter": "spec",
        "useInlineDiffs": false,
        "code": false
      },
      "version": "7.1.3"
    },
    "marge": {
      "options": {
        "charts": true,
        "reportPageTitle": "Automation Report",
        "embeddedScreenshots": true,
        "inlineAssets": true,
        "reportFilename": "[status]_[datetime]-[name]-report",
        "code": "false",
        "autoOpen": "true",
        "overwrite": "false",
        "saveAllAttempts": false
      },
      "version": "6.2.0"
    }
  }
}