{
  "stats": {
    "suites": 1,
    "tests": 7,
    "passes": 5,
    "pending": 0,
    "failures": 2,
    "start": "2023-02-13T18:51:06.138Z",
    "end": "2023-02-13T18:51:56.939Z",
    "duration": 50801,
    "testsRegistered": 7,
    "passPercent": 71.42857142857143,
    "pendingPercent": 0,
    "other": 0,
    "hasOther": false,
    "skipped": 0,
    "hasSkipped": false
  },
  "results": [
    {
      "uuid": "fe5d0a5f-952a-4f65-addd-d60206313f87",
      "title": "",
      "fullFile": "cypress/integration/AllTests/PageObject_UpdateLoginScenario.js",
      "file": "cypress/integration/AllTests/PageObject_UpdateLoginScenario.js",
      "beforeHooks": [],
      "afterHooks": [],
      "tests": [],
      "suites": [
        {
          "uuid": "ea70a3ba-d524-4867-a40a-8f55fd0a1e4e",
          "title": "E2E_Testing",
          "fullFile": "",
          "file": "",
          "beforeHooks": [],
          "afterHooks": [],
          "tests": [
            {
              "title": "Login_Invalid userName",
              "fullTitle": "E2E_Testing Login_Invalid userName",
              "timedOut": null,
              "duration": 2680,
              "state": "passed",
              "speed": "fast",
              "pass": true,
              "fail": false,
              "pending": false,
              "context": null,
              "code": "",
              "err": {},
              "uuid": "91d4d9bb-cba8-4982-b0c7-8215af6f2baa",
              "parentUUID": "ea70a3ba-d524-4867-a40a-8f55fd0a1e4e",
              "isHook": false,
              "skipped": false
            },
            {
              "title": "Login_Invalid Password",
              "fullTitle": "E2E_Testing Login_Invalid Password",
              "timedOut": null,
              "duration": 2278,
              "state": "passed",
              "speed": "fast",
              "pass": true,
              "fail": false,
              "pending": false,
              "context": null,
              "code": "",
              "err": {},
              "uuid": "db2df98b-3c22-4858-90b4-6151247bc01c",
              "parentUUID": "ea70a3ba-d524-4867-a40a-8f55fd0a1e4e",
              "isHook": false,
              "skipped": false
            },
            {
              "title": "Login Valid Credentials",
              "fullTitle": "E2E_Testing Login Valid Credentials",
              "timedOut": null,
              "duration": 2342,
              "state": "passed",
              "speed": "fast",
              "pass": true,
              "fail": false,
              "pending": false,
              "context": null,
              "code": "",
              "err": {},
              "uuid": "5d1cac02-b659-4394-bef6-27d379c729a3",
              "parentUUID": "ea70a3ba-d524-4867-a40a-8f55fd0a1e4e",
              "isHook": false,
              "skipped": false
            },
            {
              "title": "Target_Flights_Page_Test",
              "fullTitle": "E2E_Testing Target_Flights_Page_Test",
              "timedOut": null,
              "duration": 7631,
              "state": "failed",
              "speed": null,
              "pass": false,
              "fail": true,
              "pending": false,
              "context": null,
              "code": "",
              "err": {
                "message": "AssertionError: Timed out retrying after 6000ms: Expected to find element: `undefined`, but never found it.",
                "estack": "AssertionError: Timed out retrying after 6000ms: Expected to find element: `undefined`, but never found it.\n    at TargetFlightsPage.click_on_SMCFlights_Link (webpack:///./cypress/integration/SMC_POM/TargetFlightsPage.js:9:14)\n    at Context.eval (webpack:///./cypress/integration/AllTests/PageObject_UpdateLoginScenario.js:69:22)",
                "diff": null
              },
              "uuid": "ae3bc529-5a68-44e0-968d-eb940cb7fe95",
              "parentUUID": "ea70a3ba-d524-4867-a40a-8f55fd0a1e4e",
              "isHook": false,
              "skipped": false
            },
            {
              "title": "SMC_Flights_Page_Test",
              "fullTitle": "E2E_Testing SMC_Flights_Page_Test",
              "timedOut": null,
              "duration": 21151,
              "state": "passed",
              "speed": "slow",
              "pass": true,
              "fail": false,
              "pending": false,
              "context": null,
              "code": "",
              "err": {},
              "uuid": "c49d8a9b-23a5-4a22-8447-dd86802ef4d8",
              "parentUUID": "ea70a3ba-d524-4867-a40a-8f55fd0a1e4e",
              "isHook": false,
              "skipped": false
            },
            {
              "title": "verifying Mission Details",
              "fullTitle": "E2E_Testing verifying Mission Details",
              "timedOut": null,
              "duration": 6096,
              "state": "passed",
              "speed": "medium",
              "pass": true,
              "fail": false,
              "pending": false,
              "context": null,
              "code": "",
              "err": {},
              "uuid": "a5296bc6-8dae-4746-9a7a-4eb4f8989b8a",
              "parentUUID": "ea70a3ba-d524-4867-a40a-8f55fd0a1e4e",
              "isHook": false,
              "skipped": false
            },
            {
              "title": "logout_from_Application",
              "fullTitle": "E2E_Testing logout_from_Application",
              "timedOut": null,
              "duration": 7623,
              "state": "failed",
              "speed": null,
              "pass": false,
              "fail": true,
              "pending": false,
              "context": null,
              "code": "",
              "err": {
                "message": "AssertionError: Timed out retrying after 6000ms: Expected to find element: `undefined`, but never found it.",
                "estack": "AssertionError: Timed out retrying after 6000ms: Expected to find element: `undefined`, but never found it.\n    at TargetFlightsPage.click_on_SMCFlights_Link (webpack:///./cypress/integration/SMC_POM/TargetFlightsPage.js:9:14)\n    at Context.eval (webpack:///./cypress/integration/AllTests/PageObject_UpdateLoginScenario.js:174:22)",
                "diff": null
              },
              "uuid": "872d48e9-a075-429d-a4a4-bf52bccb30e6",
              "parentUUID": "ea70a3ba-d524-4867-a40a-8f55fd0a1e4e",
              "isHook": false,
              "skipped": false
            }
          ],
          "suites": [],
          "passes": [
            "91d4d9bb-cba8-4982-b0c7-8215af6f2baa",
            "db2df98b-3c22-4858-90b4-6151247bc01c",
            "5d1cac02-b659-4394-bef6-27d379c729a3",
            "c49d8a9b-23a5-4a22-8447-dd86802ef4d8",
            "a5296bc6-8dae-4746-9a7a-4eb4f8989b8a"
          ],
          "failures": [
            "ae3bc529-5a68-44e0-968d-eb940cb7fe95",
            "872d48e9-a075-429d-a4a4-bf52bccb30e6"
          ],
          "pending": [],
          "skipped": [],
          "duration": 49801,
          "root": false,
          "rootEmpty": false,
          "_timeout": 2000
        }
      ],
      "passes": [],
      "failures": [],
      "pending": [],
      "skipped": [],
      "duration": 0,
      "root": true,
      "rootEmpty": true,
      "_timeout": 2000
    }
  ],
  "meta": {
    "mocha": {
      "version": "7.0.1"
    },
    "mochawesome": {
      "options": {
        "quiet": false,
        "reportFilename": "[status]_[datetime]-[name]-report",
        "saveHtml": true,
        "saveJson": true,
        "consoleReporter": "spec",
        "useInlineDiffs": false,
        "code": false
      },
      "version": "7.1.3"
    },
    "marge": {
      "options": {
        "charts": true,
        "reportPageTitle": "Automation Report",
        "embeddedScreenshots": true,
        "inlineAssets": true,
        "reportFilename": "[status]_[datetime]-[name]-report",
        "code": "false",
        "autoOpen": "true",
        "overwrite": "false",
        "saveAllAttempts": false
      },
      "version": "6.2.0"
    }
  }
}