{
  "stats": {
    "suites": 1,
    "tests": 7,
    "passes": 5,
    "pending": 0,
    "failures": 2,
    "start": "2023-02-13T18:49:04.004Z",
    "end": "2023-02-13T18:49:47.601Z",
    "duration": 43597,
    "testsRegistered": 7,
    "passPercent": 71.42857142857143,
    "pendingPercent": 0,
    "other": 0,
    "hasOther": false,
    "skipped": 0,
    "hasSkipped": false
  },
  "results": [
    {
      "uuid": "bd9c767b-2863-479d-a6fa-396920984765",
      "title": "",
      "fullFile": "cypress/integration/AllTests/PageObject_UpdateLoginScenario.js",
      "file": "cypress/integration/AllTests/PageObject_UpdateLoginScenario.js",
      "beforeHooks": [],
      "afterHooks": [],
      "tests": [],
      "suites": [
        {
          "uuid": "487c2893-f51c-4491-98d0-933588130ac8",
          "title": "E2E_Testing",
          "fullFile": "",
          "file": "",
          "beforeHooks": [],
          "afterHooks": [],
          "tests": [
            {
              "title": "Login_Invalid userName",
              "fullTitle": "E2E_Testing Login_Invalid userName",
              "timedOut": null,
              "duration": 2651,
              "state": "passed",
              "speed": "fast",
              "pass": true,
              "fail": false,
              "pending": false,
              "context": null,
              "code": "",
              "err": {},
              "uuid": "dfb968e0-8516-44f9-b69c-37ca94198ea1",
              "parentUUID": "487c2893-f51c-4491-98d0-933588130ac8",
              "isHook": false,
              "skipped": false
            },
            {
              "title": "Login_Invalid Password",
              "fullTitle": "E2E_Testing Login_Invalid Password",
              "timedOut": null,
              "duration": 2256,
              "state": "passed",
              "speed": "fast",
              "pass": true,
              "fail": false,
              "pending": false,
              "context": null,
              "code": "",
              "err": {},
              "uuid": "1447683b-b2bf-4315-9568-2c3bfe1e2485",
              "parentUUID": "487c2893-f51c-4491-98d0-933588130ac8",
              "isHook": false,
              "skipped": false
            },
            {
              "title": "Login Valid Credentials",
              "fullTitle": "E2E_Testing Login Valid Credentials",
              "timedOut": null,
              "duration": 2332,
              "state": "passed",
              "speed": "fast",
              "pass": true,
              "fail": false,
              "pending": false,
              "context": null,
              "code": "",
              "err": {},
              "uuid": "fbd4ca59-030c-4b87-a01f-e26bfb88570c",
              "parentUUID": "487c2893-f51c-4491-98d0-933588130ac8",
              "isHook": false,
              "skipped": false
            },
            {
              "title": "Target_Flights_Page_Test",
              "fullTitle": "E2E_Testing Target_Flights_Page_Test",
              "timedOut": null,
              "duration": 525,
              "state": "failed",
              "speed": null,
              "pass": false,
              "fail": true,
              "pending": false,
              "context": null,
              "code": "",
              "err": {
                "message": "ReferenceError: TargetFlightPage is not defined",
                "estack": "ReferenceError: TargetFlightPage is not defined\n    at TargetFlightsPage.click_on_TargetFlights_Link (webpack:///./cypress/integration/SMC_POM/TargetFlightsPage.js:15:18)\n    at Context.eval (webpack:///./cypress/integration/AllTests/PageObject_UpdateLoginScenario.js:70:22)",
                "diff": null
              },
              "uuid": "0aeab46c-9346-415f-8e70-0d54f00fa88c",
              "parentUUID": "487c2893-f51c-4491-98d0-933588130ac8",
              "isHook": false,
              "skipped": false
            },
            {
              "title": "SMC_Flights_Page_Test",
              "fullTitle": "E2E_Testing SMC_Flights_Page_Test",
              "timedOut": null,
              "duration": 21123,
              "state": "passed",
              "speed": "slow",
              "pass": true,
              "fail": false,
              "pending": false,
              "context": null,
              "code": "",
              "err": {},
              "uuid": "ca451022-f679-4af7-98cc-9d6379df0ebb",
              "parentUUID": "487c2893-f51c-4491-98d0-933588130ac8",
              "isHook": false,
              "skipped": false
            },
            {
              "title": "verifying Mission Details",
              "fullTitle": "E2E_Testing verifying Mission Details",
              "timedOut": null,
              "duration": 6089,
              "state": "passed",
              "speed": "medium",
              "pass": true,
              "fail": false,
              "pending": false,
              "context": null,
              "code": "",
              "err": {},
              "uuid": "566ca2dc-eb3a-42a3-b779-4b951a4e4bf0",
              "parentUUID": "487c2893-f51c-4491-98d0-933588130ac8",
              "isHook": false,
              "skipped": false
            },
            {
              "title": "logout_from_Application",
              "fullTitle": "E2E_Testing logout_from_Application",
              "timedOut": null,
              "duration": 7623,
              "state": "failed",
              "speed": null,
              "pass": false,
              "fail": true,
              "pending": false,
              "context": null,
              "code": "",
              "err": {
                "message": "AssertionError: Timed out retrying after 6000ms: Expected to find element: `undefined`, but never found it.",
                "estack": "AssertionError: Timed out retrying after 6000ms: Expected to find element: `undefined`, but never found it.\n    at TargetFlightsPage.click_on_SMCFlights_Link (webpack:///./cypress/integration/SMC_POM/TargetFlightsPage.js:9:14)\n    at Context.eval (webpack:///./cypress/integration/AllTests/PageObject_UpdateLoginScenario.js:174:22)",
                "diff": null
              },
              "uuid": "43548d85-9e62-4cd9-a94e-72581ec256a0",
              "parentUUID": "487c2893-f51c-4491-98d0-933588130ac8",
              "isHook": false,
              "skipped": false
            }
          ],
          "suites": [],
          "passes": [
            "dfb968e0-8516-44f9-b69c-37ca94198ea1",
            "1447683b-b2bf-4315-9568-2c3bfe1e2485",
            "fbd4ca59-030c-4b87-a01f-e26bfb88570c",
            "ca451022-f679-4af7-98cc-9d6379df0ebb",
            "566ca2dc-eb3a-42a3-b779-4b951a4e4bf0"
          ],
          "failures": [
            "0aeab46c-9346-415f-8e70-0d54f00fa88c",
            "43548d85-9e62-4cd9-a94e-72581ec256a0"
          ],
          "pending": [],
          "skipped": [],
          "duration": 42599,
          "root": false,
          "rootEmpty": false,
          "_timeout": 2000
        }
      ],
      "passes": [],
      "failures": [],
      "pending": [],
      "skipped": [],
      "duration": 0,
      "root": true,
      "rootEmpty": true,
      "_timeout": 2000
    }
  ],
  "meta": {
    "mocha": {
      "version": "7.0.1"
    },
    "mochawesome": {
      "options": {
        "quiet": false,
        "reportFilename": "[status]_[datetime]-[name]-report",
        "saveHtml": true,
        "saveJson": true,
        "consoleReporter": "spec",
        "useInlineDiffs": false,
        "code": false
      },
      "version": "7.1.3"
    },
    "marge": {
      "options": {
        "charts": true,
        "reportPageTitle": "Automation Report",
        "embeddedScreenshots": true,
        "inlineAssets": true,
        "reportFilename": "[status]_[datetime]-[name]-report",
        "code": "false",
        "autoOpen": "true",
        "overwrite": "false",
        "saveAllAttempts": false
      },
      "version": "6.2.0"
    }
  }
}