{
  "stats": {
    "suites": 1,
    "tests": 7,
    "passes": 6,
    "pending": 0,
    "failures": 1,
    "start": "2023-02-13T15:12:43.947Z",
    "end": "2023-02-13T15:13:38.727Z",
    "duration": 54780,
    "testsRegistered": 7,
    "passPercent": 85.71428571428571,
    "pendingPercent": 0,
    "other": 0,
    "hasOther": false,
    "skipped": 0,
    "hasSkipped": false
  },
  "results": [
    {
      "uuid": "cbc02d04-b87c-44e6-99c0-35dc65c5ad04",
      "title": "",
      "fullFile": "cypress/integration/AllTests/TestApplication_Paramet.js",
      "file": "cypress/integration/AllTests/TestApplication_Paramet.js",
      "beforeHooks": [],
      "afterHooks": [],
      "tests": [],
      "suites": [
        {
          "uuid": "850cd4c7-c95e-4817-be77-4ba60bf6bc23",
          "title": "E2E_Testing",
          "fullFile": "",
          "file": "",
          "beforeHooks": [],
          "afterHooks": [],
          "tests": [
            {
              "title": "Login_Invalid userName",
              "fullTitle": "E2E_Testing Login_Invalid userName",
              "timedOut": null,
              "duration": 1963,
              "state": "passed",
              "speed": "fast",
              "pass": true,
              "fail": false,
              "pending": false,
              "context": null,
              "code": "",
              "err": {},
              "uuid": "cc28dc15-9c8b-4247-a7c6-da203e6a369b",
              "parentUUID": "850cd4c7-c95e-4817-be77-4ba60bf6bc23",
              "isHook": false,
              "skipped": false
            },
            {
              "title": "Login_Invalid Password",
              "fullTitle": "E2E_Testing Login_Invalid Password",
              "timedOut": null,
              "duration": 1709,
              "state": "passed",
              "speed": "fast",
              "pass": true,
              "fail": false,
              "pending": false,
              "context": null,
              "code": "",
              "err": {},
              "uuid": "9dc44157-b139-40d8-9e27-9e43be53c3a1",
              "parentUUID": "850cd4c7-c95e-4817-be77-4ba60bf6bc23",
              "isHook": false,
              "skipped": false
            },
            {
              "title": "Login Valid Credentials",
              "fullTitle": "E2E_Testing Login Valid Credentials",
              "timedOut": null,
              "duration": 2763,
              "state": "passed",
              "speed": "fast",
              "pass": true,
              "fail": false,
              "pending": false,
              "context": null,
              "code": "",
              "err": {},
              "uuid": "d0eab8be-7fe8-4793-8d38-361e0c498ee6",
              "parentUUID": "850cd4c7-c95e-4817-be77-4ba60bf6bc23",
              "isHook": false,
              "skipped": false
            },
            {
              "title": "Drop-down menu Test",
              "fullTitle": "E2E_Testing Drop-down menu Test",
              "timedOut": null,
              "duration": 9643,
              "state": "passed",
              "speed": "medium",
              "pass": true,
              "fail": false,
              "pending": false,
              "context": null,
              "code": "",
              "err": {},
              "uuid": "7c1d1221-c952-44eb-bfd4-1a9a94802ed2",
              "parentUUID": "850cd4c7-c95e-4817-be77-4ba60bf6bc23",
              "isHook": false,
              "skipped": false
            },
            {
              "title": "Test all links on SMC Flights page",
              "fullTitle": "E2E_Testing Test all links on SMC Flights page",
              "timedOut": null,
              "duration": 26429,
              "state": "failed",
              "speed": null,
              "pass": false,
              "fail": true,
              "pending": false,
              "context": null,
              "code": "",
              "err": {
                "message": "AssertionError: Timed out retrying after 6000ms: Expected to find content: 'Options' but never did.",
                "estack": "AssertionError: Timed out retrying after 6000ms: Expected to find content: 'Options' but never did.\n    at Context.eval (webpack:///./cypress/integration/AllTests/TestApplication_Paramet.js:104:7)",
                "diff": null
              },
              "uuid": "056a5517-cadc-41f3-8c03-eaec61ffc9c8",
              "parentUUID": "850cd4c7-c95e-4817-be77-4ba60bf6bc23",
              "isHook": false,
              "skipped": false
            },
            {
              "title": "Get the mission details",
              "fullTitle": "E2E_Testing Get the mission details",
              "timedOut": null,
              "duration": 10698,
              "state": "passed",
              "speed": "slow",
              "pass": true,
              "fail": false,
              "pending": false,
              "context": null,
              "code": "",
              "err": {},
              "uuid": "4544bc5f-c217-4a5b-bb2f-f608d53d506f",
              "parentUUID": "850cd4c7-c95e-4817-be77-4ba60bf6bc23",
              "isHook": false,
              "skipped": false
            },
            {
              "title": "logout from Application",
              "fullTitle": "E2E_Testing logout from Application",
              "timedOut": null,
              "duration": 648,
              "state": "passed",
              "speed": "fast",
              "pass": true,
              "fail": false,
              "pending": false,
              "context": null,
              "code": "",
              "err": {},
              "uuid": "f1c2becb-719d-440a-8a49-aee3f3ba7e70",
              "parentUUID": "850cd4c7-c95e-4817-be77-4ba60bf6bc23",
              "isHook": false,
              "skipped": false
            }
          ],
          "suites": [],
          "passes": [
            "cc28dc15-9c8b-4247-a7c6-da203e6a369b",
            "9dc44157-b139-40d8-9e27-9e43be53c3a1",
            "d0eab8be-7fe8-4793-8d38-361e0c498ee6",
            "7c1d1221-c952-44eb-bfd4-1a9a94802ed2",
            "4544bc5f-c217-4a5b-bb2f-f608d53d506f",
            "f1c2becb-719d-440a-8a49-aee3f3ba7e70"
          ],
          "failures": [
            "056a5517-cadc-41f3-8c03-eaec61ffc9c8"
          ],
          "pending": [],
          "skipped": [],
          "duration": 53853,
          "root": false,
          "rootEmpty": false,
          "_timeout": 2000
        }
      ],
      "passes": [],
      "failures": [],
      "pending": [],
      "skipped": [],
      "duration": 0,
      "root": true,
      "rootEmpty": true,
      "_timeout": 2000
    }
  ],
  "meta": {
    "mocha": {
      "version": "7.0.1"
    },
    "mochawesome": {
      "options": {
        "quiet": false,
        "reportFilename": "[status]_[datetime]-[name]-report",
        "saveHtml": true,
        "saveJson": true,
        "consoleReporter": "spec",
        "useInlineDiffs": false,
        "code": false
      },
      "version": "7.1.3"
    },
    "marge": {
      "options": {
        "charts": true,
        "reportPageTitle": "Automation Report",
        "embeddedScreenshots": true,
        "inlineAssets": true,
        "reportFilename": "[status]_[datetime]-[name]-report",
        "code": "false",
        "autoOpen": "true",
        "overwrite": "false",
        "saveAllAttempts": false
      },
      "version": "6.2.0"
    }
  }
}