{
  "stats": {
    "suites": 3,
    "tests": 7,
    "passes": 6,
    "pending": 0,
    "failures": 1,
    "start": "2023-02-14T17:53:58.223Z",
    "end": "2023-02-14T17:55:04.099Z",
    "duration": 65876,
    "testsRegistered": 7,
    "passPercent": 85.71428571428571,
    "pendingPercent": 0,
    "other": 0,
    "hasOther": false,
    "skipped": 0,
    "hasSkipped": false
  },
  "results": [
    {
      "uuid": "a8d0da09-c474-4d9e-bcc7-6f196f5e708e",
      "title": "",
      "fullFile": "cypress/integration/AllTests/TestApplication1.js",
      "file": "cypress/integration/AllTests/TestApplication1.js",
      "beforeHooks": [],
      "afterHooks": [],
      "tests": [],
      "suites": [
        {
          "uuid": "6a29112e-2eba-45d5-83eb-672c0be12a76",
          "title": "login Page Scenarios",
          "fullFile": "",
          "file": "",
          "beforeHooks": [],
          "afterHooks": [],
          "tests": [
            {
              "title": "Login_Invalid userName",
              "fullTitle": "login Page Scenarios Login_Invalid userName",
              "timedOut": null,
              "duration": 1853,
              "state": "passed",
              "speed": "fast",
              "pass": true,
              "fail": false,
              "pending": false,
              "context": null,
              "code": "",
              "err": {},
              "uuid": "27508a13-0069-4c67-b4e7-441155e7ad1d",
              "parentUUID": "6a29112e-2eba-45d5-83eb-672c0be12a76",
              "isHook": false,
              "skipped": false
            },
            {
              "title": "Login_Invalid Password",
              "fullTitle": "login Page Scenarios Login_Invalid Password",
              "timedOut": null,
              "duration": 1498,
              "state": "passed",
              "speed": "fast",
              "pass": true,
              "fail": false,
              "pending": false,
              "context": null,
              "code": "",
              "err": {},
              "uuid": "3b33ca0e-0b7d-4409-b1c8-392f0e2700aa",
              "parentUUID": "6a29112e-2eba-45d5-83eb-672c0be12a76",
              "isHook": false,
              "skipped": false
            },
            {
              "title": "Login Valid Credentials",
              "fullTitle": "login Page Scenarios Login Valid Credentials",
              "timedOut": null,
              "duration": 2190,
              "state": "passed",
              "speed": "fast",
              "pass": true,
              "fail": false,
              "pending": false,
              "context": null,
              "code": "",
              "err": {},
              "uuid": "592d18b7-67dd-4648-8524-61c3554cc9c3",
              "parentUUID": "6a29112e-2eba-45d5-83eb-672c0be12a76",
              "isHook": false,
              "skipped": false
            }
          ],
          "suites": [],
          "passes": [
            "27508a13-0069-4c67-b4e7-441155e7ad1d",
            "3b33ca0e-0b7d-4409-b1c8-392f0e2700aa",
            "592d18b7-67dd-4648-8524-61c3554cc9c3"
          ],
          "failures": [],
          "pending": [],
          "skipped": [],
          "duration": 5541,
          "root": false,
          "rootEmpty": false,
          "_timeout": 2000
        },
        {
          "uuid": "7221a2f0-6531-460b-9bdf-ead1e0b1b15e",
          "title": "Testing pages",
          "fullFile": "",
          "file": "",
          "beforeHooks": [],
          "afterHooks": [],
          "tests": [
            {
              "title": "Target_Flights_Page_Test",
              "fullTitle": "Testing pages Target_Flights_Page_Test",
              "timedOut": null,
              "duration": 25111,
              "state": "passed",
              "speed": "slow",
              "pass": true,
              "fail": false,
              "pending": false,
              "context": null,
              "code": "",
              "err": {},
              "uuid": "5a7d6dfe-bc2b-4de7-b204-7db8a6c7a421",
              "parentUUID": "7221a2f0-6531-460b-9bdf-ead1e0b1b15e",
              "isHook": false,
              "skipped": false
            },
            {
              "title": "SMC_Flights_Page_Test",
              "fullTitle": "Testing pages SMC_Flights_Page_Test",
              "timedOut": null,
              "duration": 25084,
              "state": "failed",
              "speed": null,
              "pass": false,
              "fail": true,
              "pending": false,
              "context": null,
              "code": "",
              "err": {
                "message": "AssertionError: Timed out retrying after 6000ms: Expected to find content: 'Options' but never did.",
                "estack": "AssertionError: Timed out retrying after 6000ms: Expected to find content: 'Options' but never did.\n    at TargetFlightsPage.click_on_Options_Link (webpack:///./cypress/integration/SMC_POM/TargetFlightsPage.js:48:14)\n    at Context.eval (webpack:///./cypress/integration/AllTests/TestApplication1.js:153:20)",
                "diff": null
              },
              "uuid": "2d179241-5f08-41ed-a098-76f196e5108c",
              "parentUUID": "7221a2f0-6531-460b-9bdf-ead1e0b1b15e",
              "isHook": false,
              "skipped": false
            },
            {
              "title": "verifying Mission Details",
              "fullTitle": "Testing pages verifying Mission Details",
              "timedOut": null,
              "duration": 6247,
              "state": "passed",
              "speed": "medium",
              "pass": true,
              "fail": false,
              "pending": false,
              "context": null,
              "code": "",
              "err": {},
              "uuid": "2b0d8c1e-1a17-4a4e-a632-f47e642d1f16",
              "parentUUID": "7221a2f0-6531-460b-9bdf-ead1e0b1b15e",
              "isHook": false,
              "skipped": false
            }
          ],
          "suites": [],
          "passes": [
            "5a7d6dfe-bc2b-4de7-b204-7db8a6c7a421",
            "2b0d8c1e-1a17-4a4e-a632-f47e642d1f16"
          ],
          "failures": [
            "2d179241-5f08-41ed-a098-76f196e5108c"
          ],
          "pending": [],
          "skipped": [],
          "duration": 56442,
          "root": false,
          "rootEmpty": false,
          "_timeout": 2000
        },
        {
          "uuid": "9cef0add-b8f5-4aea-9cf7-f1e4d619da98",
          "title": "logout of Application",
          "fullFile": "",
          "file": "",
          "beforeHooks": [],
          "afterHooks": [],
          "tests": [
            {
              "title": "logout_from_Application",
              "fullTitle": "logout of Application logout_from_Application",
              "timedOut": null,
              "duration": 2503,
              "state": "passed",
              "speed": "fast",
              "pass": true,
              "fail": false,
              "pending": false,
              "context": null,
              "code": "",
              "err": {},
              "uuid": "559dcc34-825c-4e31-bcad-6d8577806bc3",
              "parentUUID": "9cef0add-b8f5-4aea-9cf7-f1e4d619da98",
              "isHook": false,
              "skipped": false
            }
          ],
          "suites": [],
          "passes": [
            "559dcc34-825c-4e31-bcad-6d8577806bc3"
          ],
          "failures": [],
          "pending": [],
          "skipped": [],
          "duration": 2503,
          "root": false,
          "rootEmpty": false,
          "_timeout": 2000
        }
      ],
      "passes": [],
      "failures": [],
      "pending": [],
      "skipped": [],
      "duration": 0,
      "root": true,
      "rootEmpty": true,
      "_timeout": 2000
    }
  ],
  "meta": {
    "mocha": {
      "version": "7.0.1"
    },
    "mochawesome": {
      "options": {
        "quiet": false,
        "reportFilename": "[status]_[datetime]-[name]-report",
        "saveHtml": true,
        "saveJson": true,
        "consoleReporter": "spec",
        "useInlineDiffs": false,
        "code": false
      },
      "version": "7.1.3"
    },
    "marge": {
      "options": {
        "charts": true,
        "reportPageTitle": "Automation Report",
        "embeddedScreenshots": true,
        "inlineAssets": true,
        "reportFilename": "[status]_[datetime]-[name]-report",
        "code": "false",
        "autoOpen": "true",
        "overwrite": "false",
        "saveAllAttempts": false
      },
      "version": "6.2.0"
    }
  }
}