{
  "stats": {
    "suites": 1,
    "tests": 7,
    "passes": 5,
    "pending": 0,
    "failures": 2,
    "start": "2023-02-13T18:45:57.272Z",
    "end": "2023-02-13T18:46:40.922Z",
    "duration": 43650,
    "testsRegistered": 7,
    "passPercent": 71.42857142857143,
    "pendingPercent": 0,
    "other": 0,
    "hasOther": false,
    "skipped": 0,
    "hasSkipped": false
  },
  "results": [
    {
      "uuid": "84a0c1b1-ccf7-4341-ba06-c3ffb6daf7ab",
      "title": "",
      "fullFile": "cypress/integration/AllTests/PageObject_UpdateLoginScenario.js",
      "file": "cypress/integration/AllTests/PageObject_UpdateLoginScenario.js",
      "beforeHooks": [],
      "afterHooks": [],
      "tests": [],
      "suites": [
        {
          "uuid": "ec4a34c7-86a5-43ff-b638-7b9fbcf7cf44",
          "title": "E2E_Testing",
          "fullFile": "",
          "file": "",
          "beforeHooks": [],
          "afterHooks": [],
          "tests": [
            {
              "title": "Login_Invalid userName",
              "fullTitle": "E2E_Testing Login_Invalid userName",
              "timedOut": null,
              "duration": 2662,
              "state": "passed",
              "speed": "fast",
              "pass": true,
              "fail": false,
              "pending": false,
              "context": null,
              "code": "",
              "err": {},
              "uuid": "8a266864-5595-43a6-80f2-f192028cc46d",
              "parentUUID": "ec4a34c7-86a5-43ff-b638-7b9fbcf7cf44",
              "isHook": false,
              "skipped": false
            },
            {
              "title": "Login_Invalid Password",
              "fullTitle": "E2E_Testing Login_Invalid Password",
              "timedOut": null,
              "duration": 2264,
              "state": "passed",
              "speed": "fast",
              "pass": true,
              "fail": false,
              "pending": false,
              "context": null,
              "code": "",
              "err": {},
              "uuid": "b9bdede6-9b88-48d6-b724-7fb4d8c651d8",
              "parentUUID": "ec4a34c7-86a5-43ff-b638-7b9fbcf7cf44",
              "isHook": false,
              "skipped": false
            },
            {
              "title": "Login Valid Credentials",
              "fullTitle": "E2E_Testing Login Valid Credentials",
              "timedOut": null,
              "duration": 2339,
              "state": "passed",
              "speed": "fast",
              "pass": true,
              "fail": false,
              "pending": false,
              "context": null,
              "code": "",
              "err": {},
              "uuid": "10cc72d8-14fa-46d1-a2f8-390afcd8d3a4",
              "parentUUID": "ec4a34c7-86a5-43ff-b638-7b9fbcf7cf44",
              "isHook": false,
              "skipped": false
            },
            {
              "title": "Target_Flights_Page_Test",
              "fullTitle": "E2E_Testing Target_Flights_Page_Test",
              "timedOut": null,
              "duration": 499,
              "state": "failed",
              "speed": null,
              "pass": false,
              "fail": true,
              "pending": false,
              "context": null,
              "code": "",
              "err": {
                "message": "ReferenceError: TargetFlightLink is not defined",
                "estack": "ReferenceError: TargetFlightLink is not defined\n    at TargetFlightsPage.click_on_TargetFlights_Link (webpack:///./cypress/integration/SMC_POM/TargetFlightsPage.js:15:18)\n    at Context.eval (webpack:///./cypress/integration/AllTests/PageObject_UpdateLoginScenario.js:70:22)",
                "diff": null
              },
              "uuid": "17535676-15bc-453a-aa79-d7153982fae4",
              "parentUUID": "ec4a34c7-86a5-43ff-b638-7b9fbcf7cf44",
              "isHook": false,
              "skipped": false
            },
            {
              "title": "SMC_Flights_Page_Test",
              "fullTitle": "E2E_Testing SMC_Flights_Page_Test",
              "timedOut": null,
              "duration": 21029,
              "state": "passed",
              "speed": "slow",
              "pass": true,
              "fail": false,
              "pending": false,
              "context": null,
              "code": "",
              "err": {},
              "uuid": "d3a56dfb-9ec5-4697-9fa3-ccd6fe4de6fb",
              "parentUUID": "ec4a34c7-86a5-43ff-b638-7b9fbcf7cf44",
              "isHook": false,
              "skipped": false
            },
            {
              "title": "verifying Mission Details",
              "fullTitle": "E2E_Testing verifying Mission Details",
              "timedOut": null,
              "duration": 6074,
              "state": "passed",
              "speed": "medium",
              "pass": true,
              "fail": false,
              "pending": false,
              "context": null,
              "code": "",
              "err": {},
              "uuid": "09e8dde2-6a75-45f4-a4fb-97e50d54f2b9",
              "parentUUID": "ec4a34c7-86a5-43ff-b638-7b9fbcf7cf44",
              "isHook": false,
              "skipped": false
            },
            {
              "title": "logout_from_Application",
              "fullTitle": "E2E_Testing logout_from_Application",
              "timedOut": null,
              "duration": 7775,
              "state": "failed",
              "speed": null,
              "pass": false,
              "fail": true,
              "pending": false,
              "context": null,
              "code": "",
              "err": {
                "message": "AssertionError: Timed out retrying after 6000ms: Expected to find element: `undefined`, but never found it.",
                "estack": "AssertionError: Timed out retrying after 6000ms: Expected to find element: `undefined`, but never found it.\n    at TargetFlightsPage.click_on_SMCFlights_Link (webpack:///./cypress/integration/SMC_POM/TargetFlightsPage.js:9:14)\n    at Context.eval (webpack:///./cypress/integration/AllTests/PageObject_UpdateLoginScenario.js:174:22)",
                "diff": null
              },
              "uuid": "a48c3e9c-8fb4-47d6-9614-6e4a56992537",
              "parentUUID": "ec4a34c7-86a5-43ff-b638-7b9fbcf7cf44",
              "isHook": false,
              "skipped": false
            }
          ],
          "suites": [],
          "passes": [
            "8a266864-5595-43a6-80f2-f192028cc46d",
            "b9bdede6-9b88-48d6-b724-7fb4d8c651d8",
            "10cc72d8-14fa-46d1-a2f8-390afcd8d3a4",
            "d3a56dfb-9ec5-4697-9fa3-ccd6fe4de6fb",
            "09e8dde2-6a75-45f4-a4fb-97e50d54f2b9"
          ],
          "failures": [
            "17535676-15bc-453a-aa79-d7153982fae4",
            "a48c3e9c-8fb4-47d6-9614-6e4a56992537"
          ],
          "pending": [],
          "skipped": [],
          "duration": 42642,
          "root": false,
          "rootEmpty": false,
          "_timeout": 2000
        }
      ],
      "passes": [],
      "failures": [],
      "pending": [],
      "skipped": [],
      "duration": 0,
      "root": true,
      "rootEmpty": true,
      "_timeout": 2000
    }
  ],
  "meta": {
    "mocha": {
      "version": "7.0.1"
    },
    "mochawesome": {
      "options": {
        "quiet": false,
        "reportFilename": "[status]_[datetime]-[name]-report",
        "saveHtml": true,
        "saveJson": true,
        "consoleReporter": "spec",
        "useInlineDiffs": false,
        "code": false
      },
      "version": "7.1.3"
    },
    "marge": {
      "options": {
        "charts": true,
        "reportPageTitle": "Automation Report",
        "embeddedScreenshots": true,
        "inlineAssets": true,
        "reportFilename": "[status]_[datetime]-[name]-report",
        "code": "false",
        "autoOpen": "true",
        "overwrite": "false",
        "saveAllAttempts": false
      },
      "version": "6.2.0"
    }
  }
}