{
  "stats": {
    "suites": 3,
    "tests": 7,
    "passes": 7,
    "pending": 0,
    "failures": 0,
    "start": "2023-02-13T19:36:17.006Z",
    "end": "2023-02-13T19:37:18.781Z",
    "duration": 61775,
    "testsRegistered": 7,
    "passPercent": 100,
    "pendingPercent": 0,
    "other": 0,
    "hasOther": false,
    "skipped": 0,
    "hasSkipped": false
  },
  "results": [
    {
      "uuid": "aa36e427-bf42-4829-a0f6-cdaed7b37ac7",
      "title": "",
      "fullFile": "cypress/integration/AllTests/TestApplication1.js",
      "file": "cypress/integration/AllTests/TestApplication1.js",
      "beforeHooks": [],
      "afterHooks": [],
      "tests": [],
      "suites": [
        {
          "uuid": "a4118187-2523-4f4e-86a4-b0fc0e08d316",
          "title": "login Page Scenarios",
          "fullFile": "",
          "file": "",
          "beforeHooks": [],
          "afterHooks": [],
          "tests": [
            {
              "title": "Login_Invalid userName",
              "fullTitle": "login Page Scenarios Login_Invalid userName",
              "timedOut": null,
              "duration": 1811,
              "state": "passed",
              "speed": "fast",
              "pass": true,
              "fail": false,
              "pending": false,
              "context": null,
              "code": "",
              "err": {},
              "uuid": "d8377608-7bf3-45c6-85bd-3b7ff57c7638",
              "parentUUID": "a4118187-2523-4f4e-86a4-b0fc0e08d316",
              "isHook": false,
              "skipped": false
            },
            {
              "title": "Login_Invalid Password",
              "fullTitle": "login Page Scenarios Login_Invalid Password",
              "timedOut": null,
              "duration": 1559,
              "state": "passed",
              "speed": "fast",
              "pass": true,
              "fail": false,
              "pending": false,
              "context": null,
              "code": "",
              "err": {},
              "uuid": "8d84bf68-41c0-4603-8f87-3428824122ae",
              "parentUUID": "a4118187-2523-4f4e-86a4-b0fc0e08d316",
              "isHook": false,
              "skipped": false
            },
            {
              "title": "Login Valid Credentials",
              "fullTitle": "login Page Scenarios Login Valid Credentials",
              "timedOut": null,
              "duration": 2205,
              "state": "passed",
              "speed": "fast",
              "pass": true,
              "fail": false,
              "pending": false,
              "context": null,
              "code": "",
              "err": {},
              "uuid": "925b4af7-95d8-4b6d-89fa-a721fba5b4e3",
              "parentUUID": "a4118187-2523-4f4e-86a4-b0fc0e08d316",
              "isHook": false,
              "skipped": false
            }
          ],
          "suites": [],
          "passes": [
            "d8377608-7bf3-45c6-85bd-3b7ff57c7638",
            "8d84bf68-41c0-4603-8f87-3428824122ae",
            "925b4af7-95d8-4b6d-89fa-a721fba5b4e3"
          ],
          "failures": [],
          "pending": [],
          "skipped": [],
          "duration": 5575,
          "root": false,
          "rootEmpty": false,
          "_timeout": 2000
        },
        {
          "uuid": "b6626025-e986-476c-85b7-b5be37a1cb70",
          "title": "Testing pages",
          "fullFile": "",
          "file": "",
          "beforeHooks": [],
          "afterHooks": [],
          "tests": [
            {
              "title": "Target_Flights_Page_Test",
              "fullTitle": "Testing pages Target_Flights_Page_Test",
              "timedOut": null,
              "duration": 25005,
              "state": "passed",
              "speed": "slow",
              "pass": true,
              "fail": false,
              "pending": false,
              "context": null,
              "code": "",
              "err": {},
              "uuid": "192d8634-009e-4b11-ba89-566048dae1d3",
              "parentUUID": "b6626025-e986-476c-85b7-b5be37a1cb70",
              "isHook": false,
              "skipped": false
            },
            {
              "title": "SMC_Flights_Page_Test",
              "fullTitle": "Testing pages SMC_Flights_Page_Test",
              "timedOut": null,
              "duration": 21225,
              "state": "passed",
              "speed": "slow",
              "pass": true,
              "fail": false,
              "pending": false,
              "context": null,
              "code": "",
              "err": {},
              "uuid": "7c61dbfa-0bf1-40ca-b3dd-44fe03112791",
              "parentUUID": "b6626025-e986-476c-85b7-b5be37a1cb70",
              "isHook": false,
              "skipped": false
            },
            {
              "title": "verifying Mission Details",
              "fullTitle": "Testing pages verifying Mission Details",
              "timedOut": null,
              "duration": 6305,
              "state": "passed",
              "speed": "medium",
              "pass": true,
              "fail": false,
              "pending": false,
              "context": null,
              "code": "",
              "err": {},
              "uuid": "a6720ba5-0ba5-49c0-a8da-150fb7b381bf",
              "parentUUID": "b6626025-e986-476c-85b7-b5be37a1cb70",
              "isHook": false,
              "skipped": false
            }
          ],
          "suites": [],
          "passes": [
            "192d8634-009e-4b11-ba89-566048dae1d3",
            "7c61dbfa-0bf1-40ca-b3dd-44fe03112791",
            "a6720ba5-0ba5-49c0-a8da-150fb7b381bf"
          ],
          "failures": [],
          "pending": [],
          "skipped": [],
          "duration": 52535,
          "root": false,
          "rootEmpty": false,
          "_timeout": 2000
        },
        {
          "uuid": "ccefc813-70cb-496a-93d6-fd9760a3f582",
          "title": "logout of Application",
          "fullFile": "",
          "file": "",
          "beforeHooks": [],
          "afterHooks": [],
          "tests": [
            {
              "title": "logout_from_Application",
              "fullTitle": "logout of Application logout_from_Application",
              "timedOut": null,
              "duration": 2241,
              "state": "passed",
              "speed": "fast",
              "pass": true,
              "fail": false,
              "pending": false,
              "context": null,
              "code": "",
              "err": {},
              "uuid": "5baba961-b4bf-4b73-8200-c81f9d1f3c68",
              "parentUUID": "ccefc813-70cb-496a-93d6-fd9760a3f582",
              "isHook": false,
              "skipped": false
            }
          ],
          "suites": [],
          "passes": [
            "5baba961-b4bf-4b73-8200-c81f9d1f3c68"
          ],
          "failures": [],
          "pending": [],
          "skipped": [],
          "duration": 2241,
          "root": false,
          "rootEmpty": false,
          "_timeout": 2000
        }
      ],
      "passes": [],
      "failures": [],
      "pending": [],
      "skipped": [],
      "duration": 0,
      "root": true,
      "rootEmpty": true,
      "_timeout": 2000
    }
  ],
  "meta": {
    "mocha": {
      "version": "7.0.1"
    },
    "mochawesome": {
      "options": {
        "quiet": false,
        "reportFilename": "[status]_[datetime]-[name]-report",
        "saveHtml": true,
        "saveJson": true,
        "consoleReporter": "spec",
        "useInlineDiffs": false,
        "code": false
      },
      "version": "7.1.3"
    },
    "marge": {
      "options": {
        "charts": true,
        "reportPageTitle": "Automation Report",
        "embeddedScreenshots": true,
        "inlineAssets": true,
        "reportFilename": "[status]_[datetime]-[name]-report",
        "code": "false",
        "autoOpen": "true",
        "overwrite": "false",
        "saveAllAttempts": false
      },
      "version": "6.2.0"
    }
  }
}