{
  "stats": {
    "suites": 1,
    "tests": 7,
    "passes": 7,
    "pending": 0,
    "failures": 0,
    "start": "2023-02-12T23:16:17.441Z",
    "end": "2023-02-12T23:17:18.158Z",
    "duration": 60717,
    "testsRegistered": 7,
    "passPercent": 100,
    "pendingPercent": 0,
    "other": 0,
    "hasOther": false,
    "skipped": 0,
    "hasSkipped": false
  },
  "results": [
    {
      "uuid": "724f2793-45fe-4ce5-8a22-243cbb5b0803",
      "title": "",
      "fullFile": "cypress/integration/AllTests/PageObject_Import_class.js",
      "file": "cypress/integration/AllTests/PageObject_Import_class.js",
      "beforeHooks": [],
      "afterHooks": [],
      "tests": [],
      "suites": [
        {
          "uuid": "94b20dcf-ff6b-458c-be51-d968e9dca232",
          "title": "E2E_Testing",
          "fullFile": "",
          "file": "",
          "beforeHooks": [],
          "afterHooks": [],
          "tests": [
            {
              "title": "Login_Invalid userName",
              "fullTitle": "E2E_Testing Login_Invalid userName",
              "timedOut": null,
              "duration": 1735,
              "state": "passed",
              "speed": "fast",
              "pass": true,
              "fail": false,
              "pending": false,
              "context": null,
              "code": "",
              "err": {},
              "uuid": "eeb34206-a9b5-4348-97d4-57080a9dc76b",
              "parentUUID": "94b20dcf-ff6b-458c-be51-d968e9dca232",
              "isHook": false,
              "skipped": false
            },
            {
              "title": "Login_Invalid Password",
              "fullTitle": "E2E_Testing Login_Invalid Password",
              "timedOut": null,
              "duration": 1505,
              "state": "passed",
              "speed": "fast",
              "pass": true,
              "fail": false,
              "pending": false,
              "context": null,
              "code": "",
              "err": {},
              "uuid": "34825d45-26b7-4bf7-a887-54910358c6a4",
              "parentUUID": "94b20dcf-ff6b-458c-be51-d968e9dca232",
              "isHook": false,
              "skipped": false
            },
            {
              "title": "Login Valid Credentials",
              "fullTitle": "E2E_Testing Login Valid Credentials",
              "timedOut": null,
              "duration": 2006,
              "state": "passed",
              "speed": "fast",
              "pass": true,
              "fail": false,
              "pending": false,
              "context": null,
              "code": "",
              "err": {},
              "uuid": "d5fa1a0f-f196-4e02-9b4a-c2511b7beb0e",
              "parentUUID": "94b20dcf-ff6b-458c-be51-d968e9dca232",
              "isHook": false,
              "skipped": false
            },
            {
              "title": "Target_Flights_Page_Test",
              "fullTitle": "E2E_Testing Target_Flights_Page_Test",
              "timedOut": null,
              "duration": 25020,
              "state": "passed",
              "speed": "slow",
              "pass": true,
              "fail": false,
              "pending": false,
              "context": null,
              "code": "",
              "err": {},
              "uuid": "9846f9b9-3ba0-4fb0-8e9f-25e982dc96c8",
              "parentUUID": "94b20dcf-ff6b-458c-be51-d968e9dca232",
              "isHook": false,
              "skipped": false
            },
            {
              "title": "SMC_Flights_Page_Test",
              "fullTitle": "E2E_Testing SMC_Flights_Page_Test",
              "timedOut": null,
              "duration": 21143,
              "state": "passed",
              "speed": "slow",
              "pass": true,
              "fail": false,
              "pending": false,
              "context": null,
              "code": "",
              "err": {},
              "uuid": "695a7863-1e48-4b95-af0d-e0470471cbfb",
              "parentUUID": "94b20dcf-ff6b-458c-be51-d968e9dca232",
              "isHook": false,
              "skipped": false
            },
            {
              "title": "verifying Mission Details",
              "fullTitle": "E2E_Testing verifying Mission Details",
              "timedOut": null,
              "duration": 6130,
              "state": "passed",
              "speed": "medium",
              "pass": true,
              "fail": false,
              "pending": false,
              "context": null,
              "code": "",
              "err": {},
              "uuid": "7c0df5b7-7ce9-465f-bdb4-c53df90bc1be",
              "parentUUID": "94b20dcf-ff6b-458c-be51-d968e9dca232",
              "isHook": false,
              "skipped": false
            },
            {
              "title": "logout_from_Application",
              "fullTitle": "E2E_Testing logout_from_Application",
              "timedOut": null,
              "duration": 2200,
              "state": "passed",
              "speed": "fast",
              "pass": true,
              "fail": false,
              "pending": false,
              "context": null,
              "code": "",
              "err": {},
              "uuid": "68d57ca9-c65c-4c4e-9675-3fcaa3b3a319",
              "parentUUID": "94b20dcf-ff6b-458c-be51-d968e9dca232",
              "isHook": false,
              "skipped": false
            }
          ],
          "suites": [],
          "passes": [
            "eeb34206-a9b5-4348-97d4-57080a9dc76b",
            "34825d45-26b7-4bf7-a887-54910358c6a4",
            "d5fa1a0f-f196-4e02-9b4a-c2511b7beb0e",
            "9846f9b9-3ba0-4fb0-8e9f-25e982dc96c8",
            "695a7863-1e48-4b95-af0d-e0470471cbfb",
            "7c0df5b7-7ce9-465f-bdb4-c53df90bc1be",
            "68d57ca9-c65c-4c4e-9675-3fcaa3b3a319"
          ],
          "failures": [],
          "pending": [],
          "skipped": [],
          "duration": 59739,
          "root": false,
          "rootEmpty": false,
          "_timeout": 2000
        }
      ],
      "passes": [],
      "failures": [],
      "pending": [],
      "skipped": [],
      "duration": 0,
      "root": true,
      "rootEmpty": true,
      "_timeout": 2000
    }
  ],
  "meta": {
    "mocha": {
      "version": "7.0.1"
    },
    "mochawesome": {
      "options": {
        "quiet": false,
        "reportFilename": "[status]_[datetime]-[name]-report",
        "saveHtml": true,
        "saveJson": true,
        "consoleReporter": "spec",
        "useInlineDiffs": false,
        "code": false
      },
      "version": "7.1.3"
    },
    "marge": {
      "options": {
        "charts": true,
        "reportPageTitle": "Automation Report",
        "embeddedScreenshots": true,
        "inlineAssets": true,
        "reportFilename": "[status]_[datetime]-[name]-report",
        "code": "false",
        "autoOpen": "true",
        "overwrite": "false",
        "saveAllAttempts": false
      },
      "version": "6.2.0"
    }
  }
}