{
  "stats": {
    "suites": 1,
    "tests": 7,
    "passes": 7,
    "pending": 0,
    "failures": 0,
    "start": "2023-02-13T15:10:27.931Z",
    "end": "2023-02-13T15:11:28.455Z",
    "duration": 60524,
    "testsRegistered": 7,
    "passPercent": 100,
    "pendingPercent": 0,
    "other": 0,
    "hasOther": false,
    "skipped": 0,
    "hasSkipped": false
  },
  "results": [
    {
      "uuid": "e297ab3c-9298-4bcb-aad6-baf92ccc7b7e",
      "title": "",
      "fullFile": "cypress/integration/AllTests/PageObject_Import_class.js",
      "file": "cypress/integration/AllTests/PageObject_Import_class.js",
      "beforeHooks": [],
      "afterHooks": [],
      "tests": [],
      "suites": [
        {
          "uuid": "d01d6f00-d158-4d8e-90b8-340ba88e2136",
          "title": "E2E_Testing",
          "fullFile": "",
          "file": "",
          "beforeHooks": [],
          "afterHooks": [],
          "tests": [
            {
              "title": "Login_Invalid userName",
              "fullTitle": "E2E_Testing Login_Invalid userName",
              "timedOut": null,
              "duration": 1735,
              "state": "passed",
              "speed": "fast",
              "pass": true,
              "fail": false,
              "pending": false,
              "context": null,
              "code": "",
              "err": {},
              "uuid": "f386d6db-f9c1-4b34-8d24-1768e473064f",
              "parentUUID": "d01d6f00-d158-4d8e-90b8-340ba88e2136",
              "isHook": false,
              "skipped": false
            },
            {
              "title": "Login_Invalid Password",
              "fullTitle": "E2E_Testing Login_Invalid Password",
              "timedOut": null,
              "duration": 1456,
              "state": "passed",
              "speed": "fast",
              "pass": true,
              "fail": false,
              "pending": false,
              "context": null,
              "code": "",
              "err": {},
              "uuid": "c194a0d0-bca0-4180-b2b3-fbeb75617d2f",
              "parentUUID": "d01d6f00-d158-4d8e-90b8-340ba88e2136",
              "isHook": false,
              "skipped": false
            },
            {
              "title": "Login Valid Credentials",
              "fullTitle": "E2E_Testing Login Valid Credentials",
              "timedOut": null,
              "duration": 1959,
              "state": "passed",
              "speed": "fast",
              "pass": true,
              "fail": false,
              "pending": false,
              "context": null,
              "code": "",
              "err": {},
              "uuid": "aa74670e-2310-4ad9-99fc-28e785218bfc",
              "parentUUID": "d01d6f00-d158-4d8e-90b8-340ba88e2136",
              "isHook": false,
              "skipped": false
            },
            {
              "title": "Target_Flights_Page_Test",
              "fullTitle": "E2E_Testing Target_Flights_Page_Test",
              "timedOut": null,
              "duration": 25026,
              "state": "passed",
              "speed": "slow",
              "pass": true,
              "fail": false,
              "pending": false,
              "context": null,
              "code": "",
              "err": {},
              "uuid": "d80779a9-9231-4228-a8bc-d2bb9a06455a",
              "parentUUID": "d01d6f00-d158-4d8e-90b8-340ba88e2136",
              "isHook": false,
              "skipped": false
            },
            {
              "title": "SMC_Flights_Page_Test",
              "fullTitle": "E2E_Testing SMC_Flights_Page_Test",
              "timedOut": null,
              "duration": 21145,
              "state": "passed",
              "speed": "slow",
              "pass": true,
              "fail": false,
              "pending": false,
              "context": null,
              "code": "",
              "err": {},
              "uuid": "45421b35-4a0d-4b53-beef-f48618795e6b",
              "parentUUID": "d01d6f00-d158-4d8e-90b8-340ba88e2136",
              "isHook": false,
              "skipped": false
            },
            {
              "title": "verifying Mission Details",
              "fullTitle": "E2E_Testing verifying Mission Details",
              "timedOut": null,
              "duration": 6000,
              "state": "passed",
              "speed": "medium",
              "pass": true,
              "fail": false,
              "pending": false,
              "context": null,
              "code": "",
              "err": {},
              "uuid": "75af9e97-cfa8-4cce-8da2-366c50018fd5",
              "parentUUID": "d01d6f00-d158-4d8e-90b8-340ba88e2136",
              "isHook": false,
              "skipped": false
            },
            {
              "title": "logout_from_Application",
              "fullTitle": "E2E_Testing logout_from_Application",
              "timedOut": null,
              "duration": 2218,
              "state": "passed",
              "speed": "fast",
              "pass": true,
              "fail": false,
              "pending": false,
              "context": null,
              "code": "",
              "err": {},
              "uuid": "cc697ea1-7f9e-43a9-8bd6-21527afc601b",
              "parentUUID": "d01d6f00-d158-4d8e-90b8-340ba88e2136",
              "isHook": false,
              "skipped": false
            }
          ],
          "suites": [],
          "passes": [
            "f386d6db-f9c1-4b34-8d24-1768e473064f",
            "c194a0d0-bca0-4180-b2b3-fbeb75617d2f",
            "aa74670e-2310-4ad9-99fc-28e785218bfc",
            "d80779a9-9231-4228-a8bc-d2bb9a06455a",
            "45421b35-4a0d-4b53-beef-f48618795e6b",
            "75af9e97-cfa8-4cce-8da2-366c50018fd5",
            "cc697ea1-7f9e-43a9-8bd6-21527afc601b"
          ],
          "failures": [],
          "pending": [],
          "skipped": [],
          "duration": 59539,
          "root": false,
          "rootEmpty": false,
          "_timeout": 2000
        }
      ],
      "passes": [],
      "failures": [],
      "pending": [],
      "skipped": [],
      "duration": 0,
      "root": true,
      "rootEmpty": true,
      "_timeout": 2000
    }
  ],
  "meta": {
    "mocha": {
      "version": "7.0.1"
    },
    "mochawesome": {
      "options": {
        "quiet": false,
        "reportFilename": "[status]_[datetime]-[name]-report",
        "saveHtml": true,
        "saveJson": true,
        "consoleReporter": "spec",
        "useInlineDiffs": false,
        "code": false
      },
      "version": "7.1.3"
    },
    "marge": {
      "options": {
        "charts": true,
        "reportPageTitle": "Automation Report",
        "embeddedScreenshots": true,
        "inlineAssets": true,
        "reportFilename": "[status]_[datetime]-[name]-report",
        "code": "false",
        "autoOpen": "true",
        "overwrite": "false",
        "saveAllAttempts": false
      },
      "version": "6.2.0"
    }
  }
}