{
  "stats": {
    "suites": 1,
    "tests": 7,
    "passes": 7,
    "pending": 0,
    "failures": 0,
    "start": "2023-02-13T15:45:00.951Z",
    "end": "2023-02-13T15:46:04.443Z",
    "duration": 63492,
    "testsRegistered": 7,
    "passPercent": 100,
    "pendingPercent": 0,
    "other": 0,
    "hasOther": false,
    "skipped": 0,
    "hasSkipped": false
  },
  "results": [
    {
      "uuid": "30675294-94e6-4a5f-8f28-44c1275735d2",
      "title": "",
      "fullFile": "cypress/integration/AllTests/PageObject_Import_class.js",
      "file": "cypress/integration/AllTests/PageObject_Import_class.js",
      "beforeHooks": [],
      "afterHooks": [],
      "tests": [],
      "suites": [
        {
          "uuid": "df1a4daa-029f-4ae4-81cd-b0b99873d763",
          "title": "E2E_Testing",
          "fullFile": "",
          "file": "",
          "beforeHooks": [],
          "afterHooks": [],
          "tests": [
            {
              "title": "Login_Invalid userName",
              "fullTitle": "E2E_Testing Login_Invalid userName",
              "timedOut": null,
              "duration": 1792,
              "state": "passed",
              "speed": "fast",
              "pass": true,
              "fail": false,
              "pending": false,
              "context": null,
              "code": "",
              "err": {},
              "uuid": "66898c7b-425e-4a77-8964-2c2e2f665b57",
              "parentUUID": "df1a4daa-029f-4ae4-81cd-b0b99873d763",
              "isHook": false,
              "skipped": false
            },
            {
              "title": "Login_Invalid Password",
              "fullTitle": "E2E_Testing Login_Invalid Password",
              "timedOut": null,
              "duration": 1754,
              "state": "passed",
              "speed": "fast",
              "pass": true,
              "fail": false,
              "pending": false,
              "context": null,
              "code": "",
              "err": {},
              "uuid": "f6197fde-d018-416c-bc04-a44f09b4d193",
              "parentUUID": "df1a4daa-029f-4ae4-81cd-b0b99873d763",
              "isHook": false,
              "skipped": false
            },
            {
              "title": "Login Valid Credentials",
              "fullTitle": "E2E_Testing Login Valid Credentials",
              "timedOut": null,
              "duration": 2064,
              "state": "passed",
              "speed": "fast",
              "pass": true,
              "fail": false,
              "pending": false,
              "context": null,
              "code": "",
              "err": {},
              "uuid": "40d9f897-c94c-4dfb-b3da-cc218af2453d",
              "parentUUID": "df1a4daa-029f-4ae4-81cd-b0b99873d763",
              "isHook": false,
              "skipped": false
            },
            {
              "title": "Target_Flights_Page_Test",
              "fullTitle": "E2E_Testing Target_Flights_Page_Test",
              "timedOut": null,
              "duration": 25149,
              "state": "passed",
              "speed": "slow",
              "pass": true,
              "fail": false,
              "pending": false,
              "context": null,
              "code": "",
              "err": {},
              "uuid": "de6e9ccc-0bb6-42f2-b252-63f8d8ecaab6",
              "parentUUID": "df1a4daa-029f-4ae4-81cd-b0b99873d763",
              "isHook": false,
              "skipped": false
            },
            {
              "title": "SMC_Flights_Page_Test",
              "fullTitle": "E2E_Testing SMC_Flights_Page_Test",
              "timedOut": null,
              "duration": 21095,
              "state": "passed",
              "speed": "slow",
              "pass": true,
              "fail": false,
              "pending": false,
              "context": null,
              "code": "",
              "err": {},
              "uuid": "93a7397e-2868-4227-9abc-be84fabb6686",
              "parentUUID": "df1a4daa-029f-4ae4-81cd-b0b99873d763",
              "isHook": false,
              "skipped": false
            },
            {
              "title": "verifying Mission Details",
              "fullTitle": "E2E_Testing verifying Mission Details",
              "timedOut": null,
              "duration": 6058,
              "state": "passed",
              "speed": "medium",
              "pass": true,
              "fail": false,
              "pending": false,
              "context": null,
              "code": "",
              "err": {},
              "uuid": "2d0d0a49-f7d5-4860-8d1d-ab745583295b",
              "parentUUID": "df1a4daa-029f-4ae4-81cd-b0b99873d763",
              "isHook": false,
              "skipped": false
            },
            {
              "title": "logout_from_Application",
              "fullTitle": "E2E_Testing logout_from_Application",
              "timedOut": null,
              "duration": 2343,
              "state": "passed",
              "speed": "fast",
              "pass": true,
              "fail": false,
              "pending": false,
              "context": null,
              "code": "",
              "err": {},
              "uuid": "d17ed5c4-e9f7-4ce4-9b94-ed50a23757d1",
              "parentUUID": "df1a4daa-029f-4ae4-81cd-b0b99873d763",
              "isHook": false,
              "skipped": false
            }
          ],
          "suites": [],
          "passes": [
            "66898c7b-425e-4a77-8964-2c2e2f665b57",
            "f6197fde-d018-416c-bc04-a44f09b4d193",
            "40d9f897-c94c-4dfb-b3da-cc218af2453d",
            "de6e9ccc-0bb6-42f2-b252-63f8d8ecaab6",
            "93a7397e-2868-4227-9abc-be84fabb6686",
            "2d0d0a49-f7d5-4860-8d1d-ab745583295b",
            "d17ed5c4-e9f7-4ce4-9b94-ed50a23757d1"
          ],
          "failures": [],
          "pending": [],
          "skipped": [],
          "duration": 60255,
          "root": false,
          "rootEmpty": false,
          "_timeout": 2000
        }
      ],
      "passes": [],
      "failures": [],
      "pending": [],
      "skipped": [],
      "duration": 0,
      "root": true,
      "rootEmpty": true,
      "_timeout": 2000
    }
  ],
  "meta": {
    "mocha": {
      "version": "7.0.1"
    },
    "mochawesome": {
      "options": {
        "quiet": false,
        "reportFilename": "[status]_[datetime]-[name]-report",
        "saveHtml": true,
        "saveJson": true,
        "consoleReporter": "spec",
        "useInlineDiffs": false,
        "code": false
      },
      "version": "7.1.3"
    },
    "marge": {
      "options": {
        "charts": true,
        "reportPageTitle": "Automation Report",
        "embeddedScreenshots": true,
        "inlineAssets": true,
        "reportFilename": "[status]_[datetime]-[name]-report",
        "code": "false",
        "autoOpen": "true",
        "overwrite": "false",
        "saveAllAttempts": false
      },
      "version": "6.2.0"
    }
  }
}