{
  "stats": {
    "suites": 1,
    "tests": 7,
    "passes": 7,
    "pending": 0,
    "failures": 0,
    "start": "2023-02-12T22:35:34.958Z",
    "end": "2023-02-12T22:36:35.134Z",
    "duration": 60176,
    "testsRegistered": 7,
    "passPercent": 100,
    "pendingPercent": 0,
    "other": 0,
    "hasOther": false,
    "skipped": 0,
    "hasSkipped": false
  },
  "results": [
    {
      "uuid": "b80ef057-657d-4065-93c1-8d6da9c40dfa",
      "title": "",
      "fullFile": "cypress/integration/AllTests/PageObject_Import_class.js",
      "file": "cypress/integration/AllTests/PageObject_Import_class.js",
      "beforeHooks": [],
      "afterHooks": [],
      "tests": [],
      "suites": [
        {
          "uuid": "84a75415-dfce-4341-9ba0-943fc0fbb6e2",
          "title": "E2E_Testing",
          "fullFile": "",
          "file": "",
          "beforeHooks": [],
          "afterHooks": [],
          "tests": [
            {
              "title": "Login_Invalid userName",
              "fullTitle": "E2E_Testing Login_Invalid userName",
              "timedOut": null,
              "duration": 1787,
              "state": "passed",
              "speed": "fast",
              "pass": true,
              "fail": false,
              "pending": false,
              "context": null,
              "code": "",
              "err": {},
              "uuid": "e076ce3b-9062-495a-92ef-aeba718cf4f5",
              "parentUUID": "84a75415-dfce-4341-9ba0-943fc0fbb6e2",
              "isHook": false,
              "skipped": false
            },
            {
              "title": "Login_Invalid Password",
              "fullTitle": "E2E_Testing Login_Invalid Password",
              "timedOut": null,
              "duration": 1401,
              "state": "passed",
              "speed": "fast",
              "pass": true,
              "fail": false,
              "pending": false,
              "context": null,
              "code": "",
              "err": {},
              "uuid": "a19fab8f-fab1-491e-b181-a4ce97760403",
              "parentUUID": "84a75415-dfce-4341-9ba0-943fc0fbb6e2",
              "isHook": false,
              "skipped": false
            },
            {
              "title": "Login Valid Credentials",
              "fullTitle": "E2E_Testing Login Valid Credentials",
              "timedOut": null,
              "duration": 1966,
              "state": "passed",
              "speed": "fast",
              "pass": true,
              "fail": false,
              "pending": false,
              "context": null,
              "code": "",
              "err": {},
              "uuid": "7382b27b-655a-4f4a-a223-ba61df252ef8",
              "parentUUID": "84a75415-dfce-4341-9ba0-943fc0fbb6e2",
              "isHook": false,
              "skipped": false
            },
            {
              "title": "Target_Flights_Page_Test",
              "fullTitle": "E2E_Testing Target_Flights_Page_Test",
              "timedOut": null,
              "duration": 24824,
              "state": "passed",
              "speed": "slow",
              "pass": true,
              "fail": false,
              "pending": false,
              "context": null,
              "code": "",
              "err": {},
              "uuid": "c8eccc57-1317-471f-b49e-2a1720aa2442",
              "parentUUID": "84a75415-dfce-4341-9ba0-943fc0fbb6e2",
              "isHook": false,
              "skipped": false
            },
            {
              "title": "SMC_Flights_Page_Test",
              "fullTitle": "E2E_Testing SMC_Flights_Page_Test",
              "timedOut": null,
              "duration": 21027,
              "state": "passed",
              "speed": "slow",
              "pass": true,
              "fail": false,
              "pending": false,
              "context": null,
              "code": "",
              "err": {},
              "uuid": "b4147f58-bcff-4e5d-ba5f-676b0aa67975",
              "parentUUID": "84a75415-dfce-4341-9ba0-943fc0fbb6e2",
              "isHook": false,
              "skipped": false
            },
            {
              "title": "verifying Mission Details",
              "fullTitle": "E2E_Testing verifying Mission Details",
              "timedOut": null,
              "duration": 6016,
              "state": "passed",
              "speed": "medium",
              "pass": true,
              "fail": false,
              "pending": false,
              "context": null,
              "code": "",
              "err": {},
              "uuid": "145fb159-e95c-43a9-ac15-3b6b5e879907",
              "parentUUID": "84a75415-dfce-4341-9ba0-943fc0fbb6e2",
              "isHook": false,
              "skipped": false
            },
            {
              "title": "logout_from_Application",
              "fullTitle": "E2E_Testing logout_from_Application",
              "timedOut": null,
              "duration": 2088,
              "state": "passed",
              "speed": "fast",
              "pass": true,
              "fail": false,
              "pending": false,
              "context": null,
              "code": "",
              "err": {},
              "uuid": "838db32a-af3e-4140-9ccf-ac40f0c5bd34",
              "parentUUID": "84a75415-dfce-4341-9ba0-943fc0fbb6e2",
              "isHook": false,
              "skipped": false
            }
          ],
          "suites": [],
          "passes": [
            "e076ce3b-9062-495a-92ef-aeba718cf4f5",
            "a19fab8f-fab1-491e-b181-a4ce97760403",
            "7382b27b-655a-4f4a-a223-ba61df252ef8",
            "c8eccc57-1317-471f-b49e-2a1720aa2442",
            "b4147f58-bcff-4e5d-ba5f-676b0aa67975",
            "145fb159-e95c-43a9-ac15-3b6b5e879907",
            "838db32a-af3e-4140-9ccf-ac40f0c5bd34"
          ],
          "failures": [],
          "pending": [],
          "skipped": [],
          "duration": 59109,
          "root": false,
          "rootEmpty": false,
          "_timeout": 2000
        }
      ],
      "passes": [],
      "failures": [],
      "pending": [],
      "skipped": [],
      "duration": 0,
      "root": true,
      "rootEmpty": true,
      "_timeout": 2000
    }
  ],
  "meta": {
    "mocha": {
      "version": "7.0.1"
    },
    "mochawesome": {
      "options": {
        "quiet": false,
        "reportFilename": "[status]_[datetime]-[name]-report",
        "saveHtml": true,
        "saveJson": true,
        "consoleReporter": "spec",
        "useInlineDiffs": false,
        "code": false
      },
      "version": "7.1.3"
    },
    "marge": {
      "options": {
        "charts": true,
        "reportPageTitle": "Automation Report",
        "embeddedScreenshots": true,
        "inlineAssets": true,
        "reportFilename": "[status]_[datetime]-[name]-report",
        "code": "false",
        "autoOpen": "true",
        "overwrite": "false",
        "saveAllAttempts": false
      },
      "version": "6.2.0"
    }
  }
}