{
  "stats": {
    "suites": 1,
    "tests": 7,
    "passes": 7,
    "pending": 0,
    "failures": 0,
    "start": "2023-02-12T23:17:24.505Z",
    "end": "2023-02-12T23:18:26.980Z",
    "duration": 62475,
    "testsRegistered": 7,
    "passPercent": 100,
    "pendingPercent": 0,
    "other": 0,
    "hasOther": false,
    "skipped": 0,
    "hasSkipped": false
  },
  "results": [
    {
      "uuid": "128abfb3-90b4-4509-b1de-ffedc995b442",
      "title": "",
      "fullFile": "cypress/integration/AllTests/PageObject_UpdateLoginScenario.js",
      "file": "cypress/integration/AllTests/PageObject_UpdateLoginScenario.js",
      "beforeHooks": [],
      "afterHooks": [],
      "tests": [],
      "suites": [
        {
          "uuid": "a5bcd46d-e61b-412b-acf5-856287bc5d86",
          "title": "E2E_Testing",
          "fullFile": "",
          "file": "",
          "beforeHooks": [],
          "afterHooks": [],
          "tests": [
            {
              "title": "Login_Invalid userName",
              "fullTitle": "E2E_Testing Login_Invalid userName",
              "timedOut": null,
              "duration": 2613,
              "state": "passed",
              "speed": "fast",
              "pass": true,
              "fail": false,
              "pending": false,
              "context": null,
              "code": "",
              "err": {},
              "uuid": "b852a821-97fe-43db-917d-e11b8e844462",
              "parentUUID": "a5bcd46d-e61b-412b-acf5-856287bc5d86",
              "isHook": false,
              "skipped": false
            },
            {
              "title": "Login_Invalid Password",
              "fullTitle": "E2E_Testing Login_Invalid Password",
              "timedOut": null,
              "duration": 2250,
              "state": "passed",
              "speed": "fast",
              "pass": true,
              "fail": false,
              "pending": false,
              "context": null,
              "code": "",
              "err": {},
              "uuid": "80cd22e8-11be-48b5-a642-403efc4fc331",
              "parentUUID": "a5bcd46d-e61b-412b-acf5-856287bc5d86",
              "isHook": false,
              "skipped": false
            },
            {
              "title": "Login Valid Credentials",
              "fullTitle": "E2E_Testing Login Valid Credentials",
              "timedOut": null,
              "duration": 2335,
              "state": "passed",
              "speed": "fast",
              "pass": true,
              "fail": false,
              "pending": false,
              "context": null,
              "code": "",
              "err": {},
              "uuid": "fd78cc96-b25e-40cc-89cc-c20eaae39b27",
              "parentUUID": "a5bcd46d-e61b-412b-acf5-856287bc5d86",
              "isHook": false,
              "skipped": false
            },
            {
              "title": "Target_Flights_Page_Test",
              "fullTitle": "E2E_Testing Target_Flights_Page_Test",
              "timedOut": null,
              "duration": 24975,
              "state": "passed",
              "speed": "slow",
              "pass": true,
              "fail": false,
              "pending": false,
              "context": null,
              "code": "",
              "err": {},
              "uuid": "bebee920-37d6-43eb-9b26-d036baedbf53",
              "parentUUID": "a5bcd46d-e61b-412b-acf5-856287bc5d86",
              "isHook": false,
              "skipped": false
            },
            {
              "title": "SMC_Flights_Page_Test",
              "fullTitle": "E2E_Testing SMC_Flights_Page_Test",
              "timedOut": null,
              "duration": 21137,
              "state": "passed",
              "speed": "slow",
              "pass": true,
              "fail": false,
              "pending": false,
              "context": null,
              "code": "",
              "err": {},
              "uuid": "4d649144-e554-4bfd-bb8d-145791b4ffdc",
              "parentUUID": "a5bcd46d-e61b-412b-acf5-856287bc5d86",
              "isHook": false,
              "skipped": false
            },
            {
              "title": "verifying Mission Details",
              "fullTitle": "E2E_Testing verifying Mission Details",
              "timedOut": null,
              "duration": 6048,
              "state": "passed",
              "speed": "medium",
              "pass": true,
              "fail": false,
              "pending": false,
              "context": null,
              "code": "",
              "err": {},
              "uuid": "63aa65dc-add7-4df5-995b-651760bf202b",
              "parentUUID": "a5bcd46d-e61b-412b-acf5-856287bc5d86",
              "isHook": false,
              "skipped": false
            },
            {
              "title": "logout_from_Application",
              "fullTitle": "E2E_Testing logout_from_Application",
              "timedOut": null,
              "duration": 2185,
              "state": "passed",
              "speed": "fast",
              "pass": true,
              "fail": false,
              "pending": false,
              "context": null,
              "code": "",
              "err": {},
              "uuid": "07000afc-1891-48d5-8f77-b7b2269fa485",
              "parentUUID": "a5bcd46d-e61b-412b-acf5-856287bc5d86",
              "isHook": false,
              "skipped": false
            }
          ],
          "suites": [],
          "passes": [
            "b852a821-97fe-43db-917d-e11b8e844462",
            "80cd22e8-11be-48b5-a642-403efc4fc331",
            "fd78cc96-b25e-40cc-89cc-c20eaae39b27",
            "bebee920-37d6-43eb-9b26-d036baedbf53",
            "4d649144-e554-4bfd-bb8d-145791b4ffdc",
            "63aa65dc-add7-4df5-995b-651760bf202b",
            "07000afc-1891-48d5-8f77-b7b2269fa485"
          ],
          "failures": [],
          "pending": [],
          "skipped": [],
          "duration": 61543,
          "root": false,
          "rootEmpty": false,
          "_timeout": 2000
        }
      ],
      "passes": [],
      "failures": [],
      "pending": [],
      "skipped": [],
      "duration": 0,
      "root": true,
      "rootEmpty": true,
      "_timeout": 2000
    }
  ],
  "meta": {
    "mocha": {
      "version": "7.0.1"
    },
    "mochawesome": {
      "options": {
        "quiet": false,
        "reportFilename": "[status]_[datetime]-[name]-report",
        "saveHtml": true,
        "saveJson": true,
        "consoleReporter": "spec",
        "useInlineDiffs": false,
        "code": false
      },
      "version": "7.1.3"
    },
    "marge": {
      "options": {
        "charts": true,
        "reportPageTitle": "Automation Report",
        "embeddedScreenshots": true,
        "inlineAssets": true,
        "reportFilename": "[status]_[datetime]-[name]-report",
        "code": "false",
        "autoOpen": "true",
        "overwrite": "false",
        "saveAllAttempts": false
      },
      "version": "6.2.0"
    }
  }
}