{
  "stats": {
    "suites": 1,
    "tests": 7,
    "passes": 7,
    "pending": 0,
    "failures": 0,
    "start": "2023-02-13T00:40:43.207Z",
    "end": "2023-02-13T00:41:44.230Z",
    "duration": 61023,
    "testsRegistered": 7,
    "passPercent": 100,
    "pendingPercent": 0,
    "other": 0,
    "hasOther": false,
    "skipped": 0,
    "hasSkipped": false
  },
  "results": [
    {
      "uuid": "c20e905c-1f7a-454e-acf0-2611a7b3de63",
      "title": "",
      "fullFile": "cypress/integration/AllTests/PageObject_Import_class.js",
      "file": "cypress/integration/AllTests/PageObject_Import_class.js",
      "beforeHooks": [],
      "afterHooks": [],
      "tests": [],
      "suites": [
        {
          "uuid": "ce0aa7a4-8c0e-4243-90ca-48d419c12892",
          "title": "E2E_Testing",
          "fullFile": "",
          "file": "",
          "beforeHooks": [],
          "afterHooks": [],
          "tests": [
            {
              "title": "Login_Invalid userName",
              "fullTitle": "E2E_Testing Login_Invalid userName",
              "timedOut": null,
              "duration": 1787,
              "state": "passed",
              "speed": "fast",
              "pass": true,
              "fail": false,
              "pending": false,
              "context": null,
              "code": "",
              "err": {},
              "uuid": "2f0c5baa-d103-42af-94f2-02cb50f04b96",
              "parentUUID": "ce0aa7a4-8c0e-4243-90ca-48d419c12892",
              "isHook": false,
              "skipped": false
            },
            {
              "title": "Login_Invalid Password",
              "fullTitle": "E2E_Testing Login_Invalid Password",
              "timedOut": null,
              "duration": 1521,
              "state": "passed",
              "speed": "fast",
              "pass": true,
              "fail": false,
              "pending": false,
              "context": null,
              "code": "",
              "err": {},
              "uuid": "02ffcce9-ea33-4115-8f83-a60c05ba1f16",
              "parentUUID": "ce0aa7a4-8c0e-4243-90ca-48d419c12892",
              "isHook": false,
              "skipped": false
            },
            {
              "title": "Login Valid Credentials",
              "fullTitle": "E2E_Testing Login Valid Credentials",
              "timedOut": null,
              "duration": 2071,
              "state": "passed",
              "speed": "fast",
              "pass": true,
              "fail": false,
              "pending": false,
              "context": null,
              "code": "",
              "err": {},
              "uuid": "55d17a36-8793-4940-bbe1-80e199f9ae18",
              "parentUUID": "ce0aa7a4-8c0e-4243-90ca-48d419c12892",
              "isHook": false,
              "skipped": false
            },
            {
              "title": "Target_Flights_Page_Test",
              "fullTitle": "E2E_Testing Target_Flights_Page_Test",
              "timedOut": null,
              "duration": 25081,
              "state": "passed",
              "speed": "slow",
              "pass": true,
              "fail": false,
              "pending": false,
              "context": null,
              "code": "",
              "err": {},
              "uuid": "d6d69d6b-77c5-4153-a6e9-aab5d34a53b8",
              "parentUUID": "ce0aa7a4-8c0e-4243-90ca-48d419c12892",
              "isHook": false,
              "skipped": false
            },
            {
              "title": "SMC_Flights_Page_Test",
              "fullTitle": "E2E_Testing SMC_Flights_Page_Test",
              "timedOut": null,
              "duration": 21225,
              "state": "passed",
              "speed": "slow",
              "pass": true,
              "fail": false,
              "pending": false,
              "context": null,
              "code": "",
              "err": {},
              "uuid": "8bacb0a9-9ea7-4fc3-95cf-86c2477e5afb",
              "parentUUID": "ce0aa7a4-8c0e-4243-90ca-48d419c12892",
              "isHook": false,
              "skipped": false
            },
            {
              "title": "verifying Mission Details",
              "fullTitle": "E2E_Testing verifying Mission Details",
              "timedOut": null,
              "duration": 6143,
              "state": "passed",
              "speed": "medium",
              "pass": true,
              "fail": false,
              "pending": false,
              "context": null,
              "code": "",
              "err": {},
              "uuid": "6c9eaee9-ca17-46e7-86cf-e9410d384daf",
              "parentUUID": "ce0aa7a4-8c0e-4243-90ca-48d419c12892",
              "isHook": false,
              "skipped": false
            },
            {
              "title": "logout_from_Application",
              "fullTitle": "E2E_Testing logout_from_Application",
              "timedOut": null,
              "duration": 2201,
              "state": "passed",
              "speed": "fast",
              "pass": true,
              "fail": false,
              "pending": false,
              "context": null,
              "code": "",
              "err": {},
              "uuid": "95451590-c3d2-4bf5-a730-c6ff3964ea3d",
              "parentUUID": "ce0aa7a4-8c0e-4243-90ca-48d419c12892",
              "isHook": false,
              "skipped": false
            }
          ],
          "suites": [],
          "passes": [
            "2f0c5baa-d103-42af-94f2-02cb50f04b96",
            "02ffcce9-ea33-4115-8f83-a60c05ba1f16",
            "55d17a36-8793-4940-bbe1-80e199f9ae18",
            "d6d69d6b-77c5-4153-a6e9-aab5d34a53b8",
            "8bacb0a9-9ea7-4fc3-95cf-86c2477e5afb",
            "6c9eaee9-ca17-46e7-86cf-e9410d384daf",
            "95451590-c3d2-4bf5-a730-c6ff3964ea3d"
          ],
          "failures": [],
          "pending": [],
          "skipped": [],
          "duration": 60029,
          "root": false,
          "rootEmpty": false,
          "_timeout": 2000
        }
      ],
      "passes": [],
      "failures": [],
      "pending": [],
      "skipped": [],
      "duration": 0,
      "root": true,
      "rootEmpty": true,
      "_timeout": 2000
    }
  ],
  "meta": {
    "mocha": {
      "version": "7.0.1"
    },
    "mochawesome": {
      "options": {
        "quiet": false,
        "reportFilename": "[status]_[datetime]-[name]-report",
        "saveHtml": true,
        "saveJson": true,
        "consoleReporter": "spec",
        "useInlineDiffs": false,
        "code": false
      },
      "version": "7.1.3"
    },
    "marge": {
      "options": {
        "charts": true,
        "reportPageTitle": "Automation Report",
        "embeddedScreenshots": true,
        "inlineAssets": true,
        "reportFilename": "[status]_[datetime]-[name]-report",
        "code": "false",
        "autoOpen": "true",
        "overwrite": "false",
        "saveAllAttempts": false
      },
      "version": "6.2.0"
    }
  }
}