{
  "stats": {
    "suites": 1,
    "tests": 7,
    "passes": 7,
    "pending": 0,
    "failures": 0,
    "start": "2023-02-13T16:55:02.845Z",
    "end": "2023-02-13T16:56:05.877Z",
    "duration": 63032,
    "testsRegistered": 7,
    "passPercent": 100,
    "pendingPercent": 0,
    "other": 0,
    "hasOther": false,
    "skipped": 0,
    "hasSkipped": false
  },
  "results": [
    {
      "uuid": "eb0e8d2a-183c-4fee-b5df-b3ba9a1f9f67",
      "title": "",
      "fullFile": "cypress/integration/AllTests/PageObject_UpdateLoginScenario.js",
      "file": "cypress/integration/AllTests/PageObject_UpdateLoginScenario.js",
      "beforeHooks": [],
      "afterHooks": [],
      "tests": [],
      "suites": [
        {
          "uuid": "cc80137f-4ebc-4f82-972a-5c10b4cc6f9d",
          "title": "E2E_Testing",
          "fullFile": "",
          "file": "",
          "beforeHooks": [],
          "afterHooks": [],
          "tests": [
            {
              "title": "Login_Invalid userName",
              "fullTitle": "E2E_Testing Login_Invalid userName",
              "timedOut": null,
              "duration": 2672,
              "state": "passed",
              "speed": "fast",
              "pass": true,
              "fail": false,
              "pending": false,
              "context": null,
              "code": "",
              "err": {},
              "uuid": "9a2d7358-c5ef-4154-a45b-b6228ed41193",
              "parentUUID": "cc80137f-4ebc-4f82-972a-5c10b4cc6f9d",
              "isHook": false,
              "skipped": false
            },
            {
              "title": "Login_Invalid Password",
              "fullTitle": "E2E_Testing Login_Invalid Password",
              "timedOut": null,
              "duration": 2242,
              "state": "passed",
              "speed": "fast",
              "pass": true,
              "fail": false,
              "pending": false,
              "context": null,
              "code": "",
              "err": {},
              "uuid": "e76ae9f2-57b3-4af3-9e91-05555ce12e96",
              "parentUUID": "cc80137f-4ebc-4f82-972a-5c10b4cc6f9d",
              "isHook": false,
              "skipped": false
            },
            {
              "title": "Login Valid Credentials",
              "fullTitle": "E2E_Testing Login Valid Credentials",
              "timedOut": null,
              "duration": 2340,
              "state": "passed",
              "speed": "fast",
              "pass": true,
              "fail": false,
              "pending": false,
              "context": null,
              "code": "",
              "err": {},
              "uuid": "bc05978c-2165-4670-8b92-0f69f71e36e4",
              "parentUUID": "cc80137f-4ebc-4f82-972a-5c10b4cc6f9d",
              "isHook": false,
              "skipped": false
            },
            {
              "title": "Target_Flights_Page_Test",
              "fullTitle": "E2E_Testing Target_Flights_Page_Test",
              "timedOut": null,
              "duration": 24943,
              "state": "passed",
              "speed": "slow",
              "pass": true,
              "fail": false,
              "pending": false,
              "context": null,
              "code": "",
              "err": {},
              "uuid": "ecebbeb7-95eb-479c-b360-055eed746528",
              "parentUUID": "cc80137f-4ebc-4f82-972a-5c10b4cc6f9d",
              "isHook": false,
              "skipped": false
            },
            {
              "title": "SMC_Flights_Page_Test",
              "fullTitle": "E2E_Testing SMC_Flights_Page_Test",
              "timedOut": null,
              "duration": 21306,
              "state": "passed",
              "speed": "slow",
              "pass": true,
              "fail": false,
              "pending": false,
              "context": null,
              "code": "",
              "err": {},
              "uuid": "1727482c-539d-4a1b-83ef-1bed9c5874b1",
              "parentUUID": "cc80137f-4ebc-4f82-972a-5c10b4cc6f9d",
              "isHook": false,
              "skipped": false
            },
            {
              "title": "verifying Mission Details",
              "fullTitle": "E2E_Testing verifying Mission Details",
              "timedOut": null,
              "duration": 6234,
              "state": "passed",
              "speed": "medium",
              "pass": true,
              "fail": false,
              "pending": false,
              "context": null,
              "code": "",
              "err": {},
              "uuid": "5e9bf7ea-07d3-4498-b8f3-d0c61df40c2f",
              "parentUUID": "cc80137f-4ebc-4f82-972a-5c10b4cc6f9d",
              "isHook": false,
              "skipped": false
            },
            {
              "title": "logout_from_Application",
              "fullTitle": "E2E_Testing logout_from_Application",
              "timedOut": null,
              "duration": 2307,
              "state": "passed",
              "speed": "fast",
              "pass": true,
              "fail": false,
              "pending": false,
              "context": null,
              "code": "",
              "err": {},
              "uuid": "a8dd3cbc-f707-4165-bb6b-f823ea039be4",
              "parentUUID": "cc80137f-4ebc-4f82-972a-5c10b4cc6f9d",
              "isHook": false,
              "skipped": false
            }
          ],
          "suites": [],
          "passes": [
            "9a2d7358-c5ef-4154-a45b-b6228ed41193",
            "e76ae9f2-57b3-4af3-9e91-05555ce12e96",
            "bc05978c-2165-4670-8b92-0f69f71e36e4",
            "ecebbeb7-95eb-479c-b360-055eed746528",
            "1727482c-539d-4a1b-83ef-1bed9c5874b1",
            "5e9bf7ea-07d3-4498-b8f3-d0c61df40c2f",
            "a8dd3cbc-f707-4165-bb6b-f823ea039be4"
          ],
          "failures": [],
          "pending": [],
          "skipped": [],
          "duration": 62044,
          "root": false,
          "rootEmpty": false,
          "_timeout": 2000
        }
      ],
      "passes": [],
      "failures": [],
      "pending": [],
      "skipped": [],
      "duration": 0,
      "root": true,
      "rootEmpty": true,
      "_timeout": 2000
    }
  ],
  "meta": {
    "mocha": {
      "version": "7.0.1"
    },
    "mochawesome": {
      "options": {
        "quiet": false,
        "reportFilename": "[status]_[datetime]-[name]-report",
        "saveHtml": true,
        "saveJson": true,
        "consoleReporter": "spec",
        "useInlineDiffs": false,
        "code": false
      },
      "version": "7.1.3"
    },
    "marge": {
      "options": {
        "charts": true,
        "reportPageTitle": "Automation Report",
        "embeddedScreenshots": true,
        "inlineAssets": true,
        "reportFilename": "[status]_[datetime]-[name]-report",
        "code": "false",
        "autoOpen": "true",
        "overwrite": "false",
        "saveAllAttempts": false
      },
      "version": "6.2.0"
    }
  }
}